02-11-2020 05:11:08 ERROR HikariPool - HikariPool-1 - Exception during pool initialization.
org.postgresql.util.PSQLException: ВАЖНО: пользователь "root" не прошёл проверку подлинности (по паролю) (pgjdbc: autodetected server-encoding to be windows-1251, if the message is not readable, please check database logs and/or host, port, dbname, user, password, pg_hba.conf)
	at org.postgresql.core.v3.ConnectionFactoryImpl.doAuthentication(ConnectionFactoryImpl.java:613) ~[postgresql-42.2.18.jar:42.2.18]
	at org.postgresql.core.v3.ConnectionFactoryImpl.tryConnect(ConnectionFactoryImpl.java:161) ~[postgresql-42.2.18.jar:42.2.18]
	at org.postgresql.core.v3.ConnectionFactoryImpl.openConnectionImpl(ConnectionFactoryImpl.java:213) ~[postgresql-42.2.18.jar:42.2.18]
	at org.postgresql.core.ConnectionFactory.openConnection(ConnectionFactory.java:51) ~[postgresql-42.2.18.jar:42.2.18]
	at org.postgresql.jdbc.PgConnection.<init>(PgConnection.java:225) ~[postgresql-42.2.18.jar:42.2.18]
	at org.postgresql.Driver.makeConnection(Driver.java:465) ~[postgresql-42.2.18.jar:42.2.18]
	at org.postgresql.Driver.connect(Driver.java:264) ~[postgresql-42.2.18.jar:42.2.18]
	at com.zaxxer.hikari.util.DriverDataSource.getConnection(DriverDataSource.java:138) ~[HikariCP-3.4.5.jar:?]
	at com.zaxxer.hikari.pool.PoolBase.newConnection(PoolBase.java:358) ~[HikariCP-3.4.5.jar:?]
	at com.zaxxer.hikari.pool.PoolBase.newPoolEntry(PoolBase.java:206) ~[HikariCP-3.4.5.jar:?]
	at com.zaxxer.hikari.pool.HikariPool.createPoolEntry(HikariPool.java:477) [HikariCP-3.4.5.jar:?]
	at com.zaxxer.hikari.pool.HikariPool.checkFailFast(HikariPool.java:560) [HikariCP-3.4.5.jar:?]
	at com.zaxxer.hikari.pool.HikariPool.<init>(HikariPool.java:115) [HikariCP-3.4.5.jar:?]
	at com.zaxxer.hikari.HikariDataSource.getConnection(HikariDataSource.java:112) [HikariCP-3.4.5.jar:?]
	at by.epam.bigdatalab.main.main(main.java:49) [classes/:?]
02-11-2020 05:12:50 ERROR HikariPool - HikariPool-1 - Exception during pool initialization.
org.postgresql.util.PSQLException: ВАЖНО: пользователь "root" не прошёл проверку подлинности (по паролю) (pgjdbc: autodetected server-encoding to be windows-1251, if the message is not readable, please check database logs and/or host, port, dbname, user, password, pg_hba.conf)
	at org.postgresql.core.v3.ConnectionFactoryImpl.doAuthentication(ConnectionFactoryImpl.java:613) ~[postgresql-42.2.18.jar:42.2.18]
	at org.postgresql.core.v3.ConnectionFactoryImpl.tryConnect(ConnectionFactoryImpl.java:161) ~[postgresql-42.2.18.jar:42.2.18]
	at org.postgresql.core.v3.ConnectionFactoryImpl.openConnectionImpl(ConnectionFactoryImpl.java:213) ~[postgresql-42.2.18.jar:42.2.18]
	at org.postgresql.core.ConnectionFactory.openConnection(ConnectionFactory.java:51) ~[postgresql-42.2.18.jar:42.2.18]
	at org.postgresql.jdbc.PgConnection.<init>(PgConnection.java:225) ~[postgresql-42.2.18.jar:42.2.18]
	at org.postgresql.Driver.makeConnection(Driver.java:465) ~[postgresql-42.2.18.jar:42.2.18]
	at org.postgresql.Driver.connect(Driver.java:264) ~[postgresql-42.2.18.jar:42.2.18]
	at com.zaxxer.hikari.util.DriverDataSource.getConnection(DriverDataSource.java:138) ~[HikariCP-3.4.5.jar:?]
	at com.zaxxer.hikari.pool.PoolBase.newConnection(PoolBase.java:358) ~[HikariCP-3.4.5.jar:?]
	at com.zaxxer.hikari.pool.PoolBase.newPoolEntry(PoolBase.java:206) ~[HikariCP-3.4.5.jar:?]
	at com.zaxxer.hikari.pool.HikariPool.createPoolEntry(HikariPool.java:477) [HikariCP-3.4.5.jar:?]
	at com.zaxxer.hikari.pool.HikariPool.checkFailFast(HikariPool.java:560) [HikariCP-3.4.5.jar:?]
	at com.zaxxer.hikari.pool.HikariPool.<init>(HikariPool.java:115) [HikariCP-3.4.5.jar:?]
	at com.zaxxer.hikari.HikariDataSource.getConnection(HikariDataSource.java:112) [HikariCP-3.4.5.jar:?]
	at by.epam.bigdatalab.main.main(main.java:49) [classes/:?]
05-11-2020 19:44:10 DEBUG FileDAOImpl - File path = E:/University_and_Work/Java_Training/BigData/Remote/Task3/src/main/resources/LondonStations.csv
05-11-2020 19:44:10 DEBUG FileDAOImpl - longitude = 0.003723
05-11-2020 19:44:10 DEBUG FileDAOImpl - latitude = 51.531952
05-11-2020 19:44:10 DEBUG FileDAOImpl - longitude = 0.120272
05-11-2020 19:44:10 DEBUG FileDAOImpl - latitude = 51.490784
05-11-2020 19:44:10 DEBUG FileDAOImpl - longitude = -0.26343
05-11-2020 19:44:10 DEBUG FileDAOImpl - latitude = 51.508758
05-11-2020 19:44:10 DEBUG FileDAOImpl - longitude = -0.26769
05-11-2020 19:44:10 DEBUG FileDAOImpl - latitude = 51.516887
05-11-2020 19:44:10 DEBUG FileDAOImpl - longitude = -0.280303
05-11-2020 19:44:10 DEBUG FileDAOImpl - latitude = 51.503071
05-11-2020 19:44:10 DEBUG FileDAOImpl - longitude = -0.032665
05-11-2020 19:44:10 DEBUG FileDAOImpl - latitude = 51.356239
05-11-2020 19:44:10 DEBUG FileDAOImpl - longitude = -0.073213
05-11-2020 19:44:10 DEBUG FileDAOImpl - latitude = 51.379808
05-11-2020 19:44:10 DEBUG FileDAOImpl - longitude = 0.126445
05-11-2020 19:44:10 DEBUG FileDAOImpl - latitude = 51.435816
05-11-2020 19:44:10 DEBUG FileDAOImpl - longitude = -0.075627
05-11-2020 19:44:10 DEBUG FileDAOImpl - latitude = 51.514342
05-11-2020 19:44:10 DEBUG FileDAOImpl - longitude = -0.073001
05-11-2020 19:44:10 DEBUG FileDAOImpl - latitude = 51.515082
05-11-2020 19:44:10 DEBUG FileDAOImpl - longitude = -0.120149
05-11-2020 19:44:10 DEBUG FileDAOImpl - latitude = 51.598263
05-11-2020 19:44:10 DEBUG FileDAOImpl - longitude = -0.012625
05-11-2020 19:44:10 DEBUG FileDAOImpl - latitude = 51.510477
05-11-2020 19:44:10 DEBUG FileDAOImpl - longitude = -0.299516
05-11-2020 19:44:10 DEBUG FileDAOImpl - latitude = 51.541209
05-11-2020 19:44:10 DEBUG FileDAOImpl - longitude = -0.606514
05-11-2020 19:44:10 DEBUG FileDAOImpl - latitude = 51.674129
05-11-2020 19:44:10 DEBUG FileDAOImpl - longitude = -0.123637
05-11-2020 19:44:10 DEBUG FileDAOImpl - latitude = 51.382299
05-11-2020 19:44:10 DEBUG FileDAOImpl - longitude = -0.065137
05-11-2020 19:44:10 DEBUG FileDAOImpl - latitude = 51.412517
05-11-2020 19:44:10 DEBUG FileDAOImpl - longitude = -0.105581
05-11-2020 19:44:10 DEBUG FileDAOImpl - latitude = 51.532968
05-11-2020 19:44:10 DEBUG FileDAOImpl - longitude = -0.048733
05-11-2020 19:44:10 DEBUG FileDAOImpl - latitude = 51.61242
05-11-2020 19:44:10 DEBUG FileDAOImpl - longitude = -0.135122
05-11-2020 19:44:10 DEBUG FileDAOImpl - latitude = 51.565491
05-11-2020 19:44:10 DEBUG FileDAOImpl - longitude = -0.058319
05-11-2020 19:44:10 DEBUG FileDAOImpl - latitude = 51.391523
05-11-2020 19:44:10 DEBUG FileDAOImpl - longitude = -0.13427
05-11-2020 19:44:10 DEBUG FileDAOImpl - latitude = 51.61623
05-11-2020 19:44:10 DEBUG FileDAOImpl - longitude = -0.1055
05-11-2020 19:44:10 DEBUG FileDAOImpl - latitude = 51.558541
05-11-2020 19:44:10 DEBUG FileDAOImpl - longitude = -0.049447
05-11-2020 19:44:10 DEBUG FileDAOImpl - latitude = 51.406798
05-11-2020 19:44:10 DEBUG FileDAOImpl - longitude = -0.156904
05-11-2020 19:44:10 DEBUG FileDAOImpl - latitude = 51.52313
05-11-2020 19:44:10 DEBUG FileDAOImpl - longitude = -0.152685
05-11-2020 19:44:10 DEBUG FileDAOImpl - latitude = 51.443183
05-11-2020 19:44:10 DEBUG FileDAOImpl - longitude = -0.089
05-11-2020 19:44:10 DEBUG FileDAOImpl - latitude = 51.513347
05-11-2020 19:44:10 DEBUG FileDAOImpl - longitude = -0.213132
05-11-2020 19:44:10 DEBUG FileDAOImpl - latitude = 51.329293
05-11-2020 19:44:10 DEBUG FileDAOImpl - longitude = -0.097722
05-11-2020 19:44:10 DEBUG FileDAOImpl - latitude = 51.520215
05-11-2020 19:44:10 DEBUG FileDAOImpl - longitude = 0.080832
05-11-2020 19:44:10 DEBUG FileDAOImpl - latitude = 51.539521
05-11-2020 19:44:10 DEBUG FileDAOImpl - longitude = 0.088477
05-11-2020 19:44:10 DEBUG FileDAOImpl - latitude = 51.585851
05-11-2020 19:44:10 DEBUG FileDAOImpl - longitude = 0.160948
05-11-2020 19:44:10 DEBUG FileDAOImpl - latitude = 51.46478
05-11-2020 19:44:10 DEBUG FileDAOImpl - longitude = -0.242033
05-11-2020 19:44:10 DEBUG FileDAOImpl - latitude = 51.467128
05-11-2020 19:44:10 DEBUG FileDAOImpl - longitude = -0.252363
05-11-2020 19:44:10 DEBUG FileDAOImpl - latitude = 51.472228
05-11-2020 19:44:10 DEBUG FileDAOImpl - longitude = -0.21343
05-11-2020 19:44:10 DEBUG FileDAOImpl - latitude = 51.490229
05-11-2020 19:44:10 DEBUG FileDAOImpl - longitude = -0.148124
05-11-2020 19:44:10 DEBUG FileDAOImpl - latitude = 51.477318
05-11-2020 19:44:10 DEBUG FileDAOImpl - longitude = -0.187902
05-11-2020 19:44:10 DEBUG FileDAOImpl - latitude = 51.512111
05-11-2020 19:44:10 DEBUG FileDAOImpl - longitude = -0.016496
05-11-2020 19:44:10 DEBUG FileDAOImpl - latitude = 51.424626
05-11-2020 19:44:10 DEBUG FileDAOImpl - longitude = -0.025702
05-11-2020 19:44:10 DEBUG FileDAOImpl - latitude = 51.410942
05-11-2020 19:44:10 DEBUG FileDAOImpl - longitude = -0.043392
05-11-2020 19:44:10 DEBUG FileDAOImpl - latitude = 51.40953
05-11-2020 19:44:10 DEBUG FileDAOImpl - longitude = 0.061525
05-11-2020 19:44:10 DEBUG FileDAOImpl - latitude = 51.514377
05-11-2020 19:44:10 DEBUG FileDAOImpl - longitude = 0.054822
05-11-2020 19:44:10 DEBUG FileDAOImpl - latitude = 51.508901
05-11-2020 19:44:10 DEBUG FileDAOImpl - longitude = 0.12688
05-11-2020 19:44:10 DEBUG FileDAOImpl - latitude = 51.539585
05-11-2020 19:44:10 DEBUG FileDAOImpl - longitude = -0.142138
05-11-2020 19:44:10 DEBUG FileDAOImpl - latitude = 51.38924
05-11-2020 19:44:10 DEBUG FileDAOImpl - longitude = -0.178496
05-11-2020 19:44:10 DEBUG FileDAOImpl - latitude = 51.400962
05-11-2020 19:44:10 DEBUG FileDAOImpl - longitude = -0.020412
05-11-2020 19:44:10 DEBUG FileDAOImpl - latitude = 51.433865
05-11-2020 19:44:10 DEBUG FileDAOImpl - longitude = -0.199489
05-11-2020 19:44:10 DEBUG FileDAOImpl - latitude = 51.34412
05-11-2020 19:44:10 DEBUG FileDAOImpl - longitude = -0.163974
05-11-2020 19:44:10 DEBUG FileDAOImpl - latitude = 51.550191
05-11-2020 19:44:10 DEBUG FileDAOImpl - longitude = 0.152034
05-11-2020 19:44:10 DEBUG FileDAOImpl - latitude = 51.491959
05-11-2020 19:44:10 DEBUG FileDAOImpl - longitude = -0.06433
05-11-2020 19:44:10 DEBUG FileDAOImpl - latitude = 51.497961
05-11-2020 19:44:10 DEBUG FileDAOImpl - longitude = -0.280321
05-11-2020 19:44:10 DEBUG FileDAOImpl - latitude = 51.398768
05-11-2020 19:44:10 DEBUG FileDAOImpl - longitude = -0.055392
05-11-2020 19:44:10 DEBUG FileDAOImpl - latitude = 51.527192
05-11-2020 19:44:10 DEBUG FileDAOImpl - longitude = -0.060014
05-11-2020 19:44:10 DEBUG FileDAOImpl - latitude = 51.524283
05-11-2020 19:44:10 DEBUG FileDAOImpl - longitude = 0.148204
05-11-2020 19:44:10 DEBUG FileDAOImpl - latitude = 51.440815
05-11-2020 19:44:10 DEBUG FileDAOImpl - longitude = 0.133363
05-11-2020 19:44:10 DEBUG FileDAOImpl - latitude = 51.46355
05-11-2020 19:44:10 DEBUG FileDAOImpl - longitude = 0.044304
05-11-2020 19:44:10 DEBUG FileDAOImpl - latitude = 51.40038
05-11-2020 19:44:10 DEBUG FileDAOImpl - longitude = -0.056286
05-11-2020 19:44:10 DEBUG FileDAOImpl - latitude = 51.403863
05-11-2020 19:44:10 DEBUG FileDAOImpl - longitude = -0.102995
05-11-2020 19:44:10 DEBUG FileDAOImpl - latitude = 51.511587
05-11-2020 19:44:10 DEBUG FileDAOImpl - longitude = 0.008337
05-11-2020 19:44:10 DEBUG FileDAOImpl - latitude = 51.465408
05-11-2020 19:44:10 DEBUG FileDAOImpl - longitude = -0.070534
05-11-2020 19:44:10 DEBUG FileDAOImpl - latitude = 51.384746
05-11-2020 19:44:10 DEBUG FileDAOImpl - longitude = -0.039626
05-11-2020 19:44:10 DEBUG FileDAOImpl - latitude = 51.585777
05-11-2020 19:44:10 DEBUG FileDAOImpl - longitude = -0.007235
05-11-2020 19:44:10 DEBUG FileDAOImpl - latitude = 51.507832
05-11-2020 19:44:10 DEBUG FileDAOImpl - longitude = -0.149614
05-11-2020 19:44:10 DEBUG FileDAOImpl - latitude = 51.513798
05-11-2020 19:44:10 DEBUG FileDAOImpl - longitude = -0.094197
05-11-2020 19:44:10 DEBUG FileDAOImpl - latitude = 51.501049
05-11-2020 19:44:10 DEBUG FileDAOImpl - longitude = -0.324747
05-11-2020 19:44:10 DEBUG FileDAOImpl - latitude = 51.495766
05-11-2020 19:44:10 DEBUG FileDAOImpl - longitude = -0.124177
05-11-2020 19:44:10 DEBUG FileDAOImpl - latitude = 51.607032
05-11-2020 19:44:10 DEBUG FileDAOImpl - longitude = -0.0205
05-11-2020 19:44:10 DEBUG FileDAOImpl - latitude = 51.527615
05-11-2020 19:44:10 DEBUG FileDAOImpl - longitude = -0.02436
05-11-2020 19:44:10 DEBUG FileDAOImpl - latitude = 51.527042
05-11-2020 19:44:10 DEBUG FileDAOImpl - longitude = -0.119792
05-11-2020 19:44:10 DEBUG FileDAOImpl - latitude = 51.60725
05-11-2020 19:44:10 DEBUG FileDAOImpl - longitude = -0.213336
05-11-2020 19:44:10 DEBUG FileDAOImpl - latitude = 51.576599
05-11-2020 19:44:10 DEBUG FileDAOImpl - longitude = -0.309623
05-11-2020 19:44:10 DEBUG FileDAOImpl - latitude = 51.487536
05-11-2020 19:44:10 DEBUG FileDAOImpl - longitude = 0.299673
05-11-2020 19:44:10 DEBUG FileDAOImpl - latitude = 51.61361
05-11-2020 19:44:10 DEBUG FileDAOImpl - longitude = -0.031092
05-11-2020 19:44:10 DEBUG FileDAOImpl - latitude = 51.655245
05-11-2020 19:44:10 DEBUG FileDAOImpl - longitude = -0.114552
05-11-2020 19:44:10 DEBUG FileDAOImpl - latitude = 51.462737
05-11-2020 19:44:10 DEBUG FileDAOImpl - longitude = -0.037748
05-11-2020 19:44:10 DEBUG FileDAOImpl - latitude = 51.46475
05-11-2020 19:44:10 DEBUG FileDAOImpl - longitude = 0.017235
05-11-2020 19:44:10 DEBUG FileDAOImpl - latitude = 51.408942
05-11-2020 19:44:10 DEBUG FileDAOImpl - longitude = 0.01736
05-11-2020 19:44:10 DEBUG FileDAOImpl - latitude = 51.400001
05-11-2020 19:44:10 DEBUG FileDAOImpl - longitude = -0.011682
05-11-2020 19:44:10 DEBUG FileDAOImpl - latitude = 51.52484
05-11-2020 19:44:10 DEBUG FileDAOImpl - longitude = -0.202838
05-11-2020 19:44:10 DEBUG FileDAOImpl - latitude = 51.545262
05-11-2020 19:44:10 DEBUG FileDAOImpl - longitude = -0.210474
05-11-2020 19:44:10 DEBUG FileDAOImpl - latitude = 51.540325
05-11-2020 19:44:10 DEBUG FileDAOImpl - longitude = -0.011024
05-11-2020 19:44:10 DEBUG FileDAOImpl - latitude = 51.747016
05-11-2020 19:44:10 DEBUG FileDAOImpl - longitude = -0.070399
05-11-2020 19:44:10 DEBUG FileDAOImpl - latitude = 51.594011
05-11-2020 19:44:10 DEBUG FileDAOImpl - longitude = 0.046713
05-11-2020 19:44:10 DEBUG FileDAOImpl - latitude = 51.626577
05-11-2020 19:44:10 DEBUG FileDAOImpl - longitude = -0.264331
05-11-2020 19:44:10 DEBUG FileDAOImpl - latitude = 51.602552
05-11-2020 19:44:10 DEBUG FileDAOImpl - longitude = -0.06928
05-11-2020 19:44:10 DEBUG FileDAOImpl - latitude = 51.641482
05-11-2020 19:44:10 DEBUG FileDAOImpl - longitude = -0.384722
05-11-2020 19:44:10 DEBUG FileDAOImpl - latitude = 51.645544
05-11-2020 19:44:10 DEBUG FileDAOImpl - longitude = -0.118361
05-11-2020 19:44:10 DEBUG FileDAOImpl - latitude = 51.547885
05-11-2020 19:44:10 DEBUG FileDAOImpl - longitude = -0.115205
05-11-2020 19:44:10 DEBUG FileDAOImpl - latitude = 51.543285
05-11-2020 19:44:10 DEBUG FileDAOImpl - longitude = -0.057203
05-11-2020 19:44:10 DEBUG FileDAOImpl - latitude = 51.53206
05-11-2020 19:44:10 DEBUG FileDAOImpl - longitude = -0.139203
05-11-2020 19:44:10 DEBUG FileDAOImpl - latitude = 51.541851
05-11-2020 19:44:10 DEBUG FileDAOImpl - longitude = -0.142452
05-11-2020 19:44:10 DEBUG FileDAOImpl - latitude = 51.539969
05-11-2020 19:44:10 DEBUG FileDAOImpl - longitude = -0.050807
05-11-2020 19:44:10 DEBUG FileDAOImpl - latitude = 51.498168
05-11-2020 19:44:10 DEBUG FileDAOImpl - longitude = -0.019467
05-11-2020 19:44:10 DEBUG FileDAOImpl - latitude = 51.503578
05-11-2020 19:44:10 DEBUG FileDAOImpl - longitude = 0.008306
05-11-2020 19:44:10 DEBUG FileDAOImpl - latitude = 51.51387
05-11-2020 19:44:10 DEBUG FileDAOImpl - longitude = -0.090251
05-11-2020 19:44:10 DEBUG FileDAOImpl - latitude = 51.511362
05-11-2020 19:44:10 DEBUG FileDAOImpl - longitude = -0.092574
05-11-2020 19:44:10 DEBUG FileDAOImpl - latitude = 51.548188
05-11-2020 19:44:10 DEBUG FileDAOImpl - longitude = -0.294392
05-11-2020 19:44:10 DEBUG FileDAOImpl - latitude = 51.607651
05-11-2020 19:44:10 DEBUG FileDAOImpl - longitude = -0.385829
05-11-2020 19:44:10 DEBUG FileDAOImpl - latitude = 51.628187
05-11-2020 19:44:10 DEBUG FileDAOImpl - longitude = -0.166398
05-11-2020 19:44:10 DEBUG FileDAOImpl - latitude = 51.368426
05-11-2020 19:44:10 DEBUG FileDAOImpl - longitude = -0.169496
05-11-2020 19:44:10 DEBUG FileDAOImpl - latitude = 51.357387
05-11-2020 19:44:10 DEBUG FileDAOImpl - longitude = -0.331504
05-11-2020 19:44:10 DEBUG FileDAOImpl - latitude = 51.522974
05-11-2020 19:44:10 DEBUG FileDAOImpl - longitude = -0.078607
05-11-2020 19:44:10 DEBUG FileDAOImpl - latitude = 51.282163
05-11-2020 19:44:10 DEBUG FileDAOImpl - longitude = -0.026538
05-11-2020 19:44:10 DEBUG FileDAOImpl - latitude = 51.444265
05-11-2020 19:44:10 DEBUG FileDAOImpl - longitude = -0.024822
05-11-2020 19:44:10 DEBUG FileDAOImpl - latitude = 51.444695
05-11-2020 19:44:10 DEBUG FileDAOImpl - longitude = -0.103888
05-11-2020 19:44:10 DEBUG FileDAOImpl - latitude = 51.375767
05-11-2020 19:44:10 DEBUG FileDAOImpl - longitude = 0.128901
05-11-2020 19:44:10 DEBUG FileDAOImpl - latitude = 51.568047
05-11-2020 19:44:10 DEBUG FileDAOImpl - longitude = 0.287476
05-11-2020 19:44:10 DEBUG FileDAOImpl - latitude = 51.485554
05-11-2020 19:44:10 DEBUG FileDAOImpl - longitude = -0.561068
05-11-2020 19:44:10 DEBUG FileDAOImpl - latitude = 51.667907
05-11-2020 19:44:10 DEBUG FileDAOImpl - longitude = -0.153733
05-11-2020 19:44:10 DEBUG FileDAOImpl - latitude = 51.544149
05-11-2020 19:44:10 DEBUG FileDAOImpl - longitude = -0.111962
05-11-2020 19:44:10 DEBUG FileDAOImpl - latitude = 51.518494
05-11-2020 19:44:10 DEBUG FileDAOImpl - longitude = -0.124803
05-11-2020 19:44:10 DEBUG FileDAOImpl - latitude = 51.508359
05-11-2020 19:44:10 DEBUG FileDAOImpl - longitude = 0.030942
05-11-2020 19:44:10 DEBUG FileDAOImpl - latitude = 51.486835
05-11-2020 19:44:10 DEBUG FileDAOImpl - longitude = -0.214211
05-11-2020 19:44:10 DEBUG FileDAOImpl - latitude = 51.35546
05-11-2020 19:44:10 DEBUG FileDAOImpl - longitude = 0.108984
05-11-2020 19:44:10 DEBUG FileDAOImpl - latitude = 51.356265
05-11-2020 19:44:10 DEBUG FileDAOImpl - longitude = -0.61143
05-11-2020 19:44:10 DEBUG FileDAOImpl - latitude = 51.70538
05-11-2020 19:44:10 DEBUG FileDAOImpl - longitude = -0.023887
05-11-2020 19:44:10 DEBUG FileDAOImpl - latitude = 51.702873
05-11-2020 19:44:10 DEBUG FileDAOImpl - longitude = -0.300476
05-11-2020 19:44:10 DEBUG FileDAOImpl - latitude = 51.364243
05-11-2020 19:44:10 DEBUG FileDAOImpl - longitude = -0.307089
05-11-2020 19:44:10 DEBUG FileDAOImpl - latitude = 51.356705
05-11-2020 19:44:10 DEBUG FileDAOImpl - longitude = 0.076179
05-11-2020 19:44:10 DEBUG FileDAOImpl - latitude = 51.617858
05-11-2020 19:44:10 DEBUG FileDAOImpl - longitude = 0.009514
05-11-2020 19:44:10 DEBUG FileDAOImpl - latitude = 51.633253
05-11-2020 19:44:10 DEBUG FileDAOImpl - longitude = -0.169446
05-11-2020 19:44:10 DEBUG FileDAOImpl - latitude = 51.309275
05-11-2020 19:44:10 DEBUG FileDAOImpl - longitude = 0.057492
05-11-2020 19:44:10 DEBUG FileDAOImpl - latitude = 51.405598
05-11-2020 19:44:10 DEBUG FileDAOImpl - longitude = -0.267013
05-11-2020 19:44:10 DEBUG FileDAOImpl - latitude = 51.480781
05-11-2020 19:44:10 DEBUG FileDAOImpl - longitude = -0.267737
05-11-2020 19:44:10 DEBUG FileDAOImpl - latitude = 51.494371
05-11-2020 19:44:10 DEBUG FileDAOImpl - longitude = -0.518334
05-11-2020 19:44:10 DEBUG FileDAOImpl - latitude = 51.654266
05-11-2020 19:44:10 DEBUG FileDAOImpl - longitude = -0.104347
05-11-2020 19:44:10 DEBUG FileDAOImpl - latitude = 51.373707
05-11-2020 19:44:10 DEBUG FileDAOImpl - longitude = -0.103618
05-11-2020 19:44:10 DEBUG FileDAOImpl - latitude = 51.513935
05-11-2020 19:44:10 DEBUG FileDAOImpl - longitude = -0.138315
05-11-2020 19:44:10 DEBUG FileDAOImpl - latitude = 51.461804
05-11-2020 19:44:10 DEBUG FileDAOImpl - longitude = -0.132465
05-11-2020 19:44:10 DEBUG FileDAOImpl - latitude = 51.46547
05-11-2020 19:44:10 DEBUG FileDAOImpl - longitude = -0.170315
05-11-2020 19:44:10 DEBUG FileDAOImpl - latitude = 51.464367
05-11-2020 19:44:10 DEBUG FileDAOImpl - longitude = -0.12991
05-11-2020 19:44:10 DEBUG FileDAOImpl - latitude = 51.464916
05-11-2020 19:44:10 DEBUG FileDAOImpl - longitude = -0.147984
05-11-2020 19:44:10 DEBUG FileDAOImpl - latitude = 51.452676
05-11-2020 19:44:10 DEBUG FileDAOImpl - longitude = -0.057489
05-11-2020 19:44:10 DEBUG FileDAOImpl - latitude = 51.561569
05-11-2020 19:44:10 DEBUG FileDAOImpl - longitude = -0.040702
05-11-2020 19:44:10 DEBUG FileDAOImpl - latitude = 51.408541
05-11-2020 19:44:10 DEBUG FileDAOImpl - longitude = -0.149917
05-11-2020 19:44:10 DEBUG FileDAOImpl - latitude = 51.652024
05-11-2020 19:44:10 DEBUG FileDAOImpl - longitude = -0.250288
05-11-2020 19:44:10 DEBUG FileDAOImpl - latitude = 51.595231
05-11-2020 19:44:10 DEBUG FileDAOImpl - longitude = -0.177415
05-11-2020 19:44:10 DEBUG FileDAOImpl - latitude = 51.418759
05-11-2020 19:44:10 DEBUG FileDAOImpl - longitude = -0.059532
05-11-2020 19:44:10 DEBUG FileDAOImpl - latitude = 51.359789
05-11-2020 19:44:10 DEBUG FileDAOImpl - longitude = -0.137903
05-11-2020 19:44:10 DEBUG FileDAOImpl - latitude = 51.315801
05-11-2020 19:44:10 DEBUG FileDAOImpl - longitude = -0.134347
05-11-2020 19:44:10 DEBUG FileDAOImpl - latitude = 51.322453
05-11-2020 19:44:10 DEBUG FileDAOImpl - longitude = -0.124507
05-11-2020 19:44:10 DEBUG FileDAOImpl - latitude = 51.51276
05-11-2020 19:44:10 DEBUG FileDAOImpl - longitude = 0.178503
05-11-2020 19:44:10 DEBUG FileDAOImpl - latitude = 51.448547
05-11-2020 19:44:10 DEBUG FileDAOImpl - longitude = -0.106844
05-11-2020 19:44:10 DEBUG FileDAOImpl - latitude = 51.684475
05-11-2020 19:44:10 DEBUG FileDAOImpl - longitude = -0.212548
05-11-2020 19:44:10 DEBUG FileDAOImpl - latitude = 51.558423
05-11-2020 19:44:10 DEBUG FileDAOImpl - longitude = -0.036547
05-11-2020 19:44:10 DEBUG FileDAOImpl - latitude = 51.455179
05-11-2020 19:44:10 DEBUG FileDAOImpl - longitude = -0.014933
05-11-2020 19:44:10 DEBUG FileDAOImpl - latitude = 51.49584
05-11-2020 19:44:10 DEBUG FileDAOImpl - longitude = -0.117133
05-11-2020 19:44:10 DEBUG FileDAOImpl - latitude = 51.571327
05-11-2020 19:44:10 DEBUG FileDAOImpl - longitude = -0.441604
05-11-2020 19:44:10 DEBUG FileDAOImpl - latitude = 51.647005
05-11-2020 19:44:10 DEBUG FileDAOImpl - longitude = -0.072607
05-11-2020 19:44:10 DEBUG FileDAOImpl - latitude = 51.41817
05-11-2020 19:44:10 DEBUG FileDAOImpl - longitude = 0.025773
05-11-2020 19:44:10 DEBUG FileDAOImpl - latitude = 51.509622
05-11-2020 19:44:10 DEBUG FileDAOImpl - longitude = -0.010582
05-11-2020 19:44:10 DEBUG FileDAOImpl - latitude = 51.481944
05-11-2020 19:44:10 DEBUG FileDAOImpl - longitude = 0.063841
05-11-2020 19:44:10 DEBUG FileDAOImpl - latitude = 51.508527
05-11-2020 19:44:10 DEBUG FileDAOImpl - longitude = 0.145031
05-11-2020 19:44:10 DEBUG FileDAOImpl - latitude = 51.526287
05-11-2020 19:44:10 DEBUG FileDAOImpl - longitude = 0.165833
05-11-2020 19:44:10 DEBUG FileDAOImpl - latitude = 51.544187
05-11-2020 19:44:10 DEBUG FileDAOImpl - longitude = 0.14768
05-11-2020 19:44:10 DEBUG FileDAOImpl - latitude = 51.541212
05-11-2020 19:44:10 DEBUG FileDAOImpl - longitude = -0.074994
05-11-2020 19:44:10 DEBUG FileDAOImpl - latitude = 51.546094
05-11-2020 19:44:10 DEBUG FileDAOImpl - longitude = -0.076227
05-11-2020 19:44:10 DEBUG FileDAOImpl - latitude = 51.548668
05-11-2020 19:44:10 DEBUG FileDAOImpl - longitude = 0.083801
05-11-2020 19:44:10 DEBUG FileDAOImpl - latitude = 51.645492
05-11-2020 19:44:10 DEBUG FileDAOImpl - longitude = -0.090988
05-11-2020 19:44:10 DEBUG FileDAOImpl - latitude = 51.468201
05-11-2020 19:44:10 DEBUG FileDAOImpl - longitude = -0.026196
05-11-2020 19:44:10 DEBUG FileDAOImpl - latitude = 51.47889
05-11-2020 19:44:10 DEBUG FileDAOImpl - longitude = -0.022052
05-11-2020 19:44:10 DEBUG FileDAOImpl - latitude = 51.474477
05-11-2020 19:44:10 DEBUG FileDAOImpl - longitude = -0.018008
05-11-2020 19:44:10 DEBUG FileDAOImpl - latitude = 51.522258
05-11-2020 19:44:10 DEBUG FileDAOImpl - longitude = -0.238798
05-11-2020 19:44:10 DEBUG FileDAOImpl - latitude = 51.551851
05-11-2020 19:44:10 DEBUG FileDAOImpl - longitude = -0.329611
05-11-2020 19:44:10 DEBUG FileDAOImpl - latitude = 51.516005
05-11-2020 19:44:10 DEBUG FileDAOImpl - longitude = -0.10577
05-11-2020 19:44:10 DEBUG FileDAOImpl - latitude = 51.553078
05-11-2020 19:44:10 DEBUG FileDAOImpl - longitude = -0.207527
05-11-2020 19:44:10 DEBUG FileDAOImpl - latitude = 51.417398
05-11-2020 19:44:10 DEBUG FileDAOImpl - longitude = -0.30201
05-11-2020 19:44:10 DEBUG FileDAOImpl - latitude = 51.514862
05-11-2020 19:44:10 DEBUG FileDAOImpl - longitude = -0.287151
05-11-2020 19:44:10 DEBUG FileDAOImpl - latitude = 51.510249
05-11-2020 19:44:10 DEBUG FileDAOImpl - longitude = -0.194314
05-11-2020 19:44:10 DEBUG FileDAOImpl - latitude = 51.491357
05-11-2020 19:44:10 DEBUG FileDAOImpl - longitude = -0.187273
05-11-2020 19:44:10 DEBUG FileDAOImpl - latitude = 51.442239
05-11-2020 19:44:10 DEBUG FileDAOImpl - longitude = -0.248112
05-11-2020 19:44:10 DEBUG FileDAOImpl - latitude = 51.516263
05-11-2020 19:44:10 DEBUG FileDAOImpl - longitude = -0.091863
05-11-2020 19:44:10 DEBUG FileDAOImpl - latitude = 51.375716
05-11-2020 19:44:10 DEBUG FileDAOImpl - longitude = -0.080437
05-11-2020 19:44:10 DEBUG FileDAOImpl - latitude = 51.461626
05-11-2020 19:44:10 DEBUG FileDAOImpl - longitude = -0.164744
05-11-2020 19:44:10 DEBUG FileDAOImpl - latitude = 51.587333
05-11-2020 19:44:10 DEBUG FileDAOImpl - longitude = 0.051516
05-11-2020 19:44:10 DEBUG FileDAOImpl - latitude = 51.539246
05-11-2020 19:44:10 DEBUG FileDAOImpl - longitude = -0.00237
05-11-2020 19:44:10 DEBUG FileDAOImpl - latitude = 51.508684
05-11-2020 19:44:10 DEBUG FileDAOImpl - longitude = -0.210998
05-11-2020 19:44:10 DEBUG FileDAOImpl - latitude = 51.45888
05-11-2020 19:44:10 DEBUG FileDAOImpl - longitude = -0.396823
05-11-2020 19:44:10 DEBUG FileDAOImpl - latitude = 51.576552
05-11-2020 19:44:10 DEBUG FileDAOImpl - longitude = -0.02667
05-11-2020 19:44:10 DEBUG FileDAOImpl - latitude = 51.390796
05-11-2020 19:44:10 DEBUG FileDAOImpl - longitude = -0.275094
05-11-2020 19:44:10 DEBUG FileDAOImpl - latitude = 51.61423
05-11-2020 19:44:10 DEBUG FileDAOImpl - longitude = -0.17054
05-11-2020 19:44:10 DEBUG FileDAOImpl - latitude = 51.520645
05-11-2020 19:44:10 DEBUG FileDAOImpl - longitude = -0.167668
05-11-2020 19:44:10 DEBUG FileDAOImpl - latitude = 51.519998
05-11-2020 19:44:10 DEBUG FileDAOImpl - longitude = -0.061639
05-11-2020 19:44:10 DEBUG FileDAOImpl - latitude = 51.625116
05-11-2020 19:44:10 DEBUG FileDAOImpl - longitude = -0.100739
05-11-2020 19:44:10 DEBUG FileDAOImpl - latitude = 51.495849
05-11-2020 19:44:10 DEBUG FileDAOImpl - longitude = 0.197253
05-11-2020 19:44:10 DEBUG FileDAOImpl - latitude = 51.549125
05-11-2020 19:44:10 DEBUG FileDAOImpl - longitude = -0.049464
05-11-2020 19:44:10 DEBUG FileDAOImpl - latitude = 51.398291
05-11-2020 19:44:10 DEBUG FileDAOImpl - longitude = 0.044229
05-11-2020 19:44:10 DEBUG FileDAOImpl - latitude = 51.417081
05-11-2020 19:44:10 DEBUG FileDAOImpl - longitude = -0.279829
05-11-2020 19:44:10 DEBUG FileDAOImpl - latitude = 51.652876
05-11-2020 19:44:10 DEBUG FileDAOImpl - longitude = 0.052329
05-11-2020 19:44:10 DEBUG FileDAOImpl - latitude = 51.455662
05-11-2020 19:44:10 DEBUG FileDAOImpl - longitude = -0.016816
05-11-2020 19:44:10 DEBUG FileDAOImpl - latitude = 51.468372
05-11-2020 19:44:10 DEBUG FileDAOImpl - longitude = -0.122367
05-11-2020 19:44:10 DEBUG FileDAOImpl - latitude = 51.507312
05-11-2020 19:44:10 DEBUG FileDAOImpl - longitude = 0.220223
05-11-2020 19:44:10 DEBUG FileDAOImpl - latitude = 51.569115
05-11-2020 19:44:10 DEBUG FileDAOImpl - longitude = -0.090704
05-11-2020 19:44:10 DEBUG FileDAOImpl - latitude = 51.652722
05-11-2020 19:44:10 DEBUG FileDAOImpl - longitude = -0.028391
05-11-2020 19:44:10 DEBUG FileDAOImpl - latitude = 51.670846
05-11-2020 19:44:10 DEBUG FileDAOImpl - longitude = -0.07933
05-11-2020 19:44:10 DEBUG FileDAOImpl - latitude = 51.65197
05-11-2020 19:44:10 DEBUG FileDAOImpl - longitude = 0.113826
05-11-2020 19:44:10 DEBUG FileDAOImpl - latitude = 51.693686
05-11-2020 19:44:10 DEBUG FileDAOImpl - longitude = -0.23897
05-11-2020 19:44:10 DEBUG FileDAOImpl - latitude = 51.323659
05-11-2020 19:44:10 DEBUG FileDAOImpl - longitude = 0.174261
05-11-2020 19:44:10 DEBUG FileDAOImpl - latitude = 51.481648
05-11-2020 19:44:10 DEBUG FileDAOImpl - longitude = -0.096366
05-11-2020 19:44:10 DEBUG FileDAOImpl - latitude = 51.540633
05-11-2020 19:44:10 DEBUG FileDAOImpl - longitude = -0.133296
05-11-2020 19:44:10 DEBUG FileDAOImpl - latitude = 51.528664
05-11-2020 19:44:10 DEBUG FileDAOImpl - longitude = -0.133296
05-11-2020 19:44:10 DEBUG FileDAOImpl - latitude = 51.528664
05-11-2020 19:44:10 DEBUG FileDAOImpl - longitude = -0.241503
05-11-2020 19:44:10 DEBUG FileDAOImpl - latitude = 51.345244
05-11-2020 19:44:10 DEBUG FileDAOImpl - longitude = -0.257089
05-11-2020 19:44:10 DEBUG FileDAOImpl - latitude = 51.349991
05-11-2020 19:44:10 DEBUG FileDAOImpl - longitude = 0.090593
05-11-2020 19:44:10 DEBUG FileDAOImpl - latitude = 51.59611
05-11-2020 19:44:10 DEBUG FileDAOImpl - longitude = 0.07851
05-11-2020 19:44:10 DEBUG FileDAOImpl - latitude = 51.459086
05-11-2020 19:44:10 DEBUG FileDAOImpl - longitude = -0.104843
05-11-2020 19:44:10 DEBUG FileDAOImpl - latitude = 51.520196
05-11-2020 19:44:10 DEBUG FileDAOImpl - longitude = -0.409824
05-11-2020 19:44:10 DEBUG FileDAOImpl - latitude = 51.447879
05-11-2020 19:44:10 DEBUG FileDAOImpl - longitude = -0.078554
05-11-2020 19:44:10 DEBUG FileDAOImpl - latitude = 51.511567
05-11-2020 19:44:10 DEBUG FileDAOImpl - longitude = -0.024503
05-11-2020 19:44:10 DEBUG FileDAOImpl - latitude = 51.351317
05-11-2020 19:44:10 DEBUG FileDAOImpl - longitude = -0.193221
05-11-2020 19:44:10 DEBUG FileDAOImpl - latitude = 51.600903
05-11-2020 19:44:10 DEBUG FileDAOImpl - longitude = -0.180051
05-11-2020 19:44:10 DEBUG FileDAOImpl - latitude = 51.547096
05-11-2020 19:44:10 DEBUG FileDAOImpl - longitude = -0.183651
05-11-2020 19:44:10 DEBUG FileDAOImpl - latitude = 51.550119
05-11-2020 19:44:10 DEBUG FileDAOImpl - longitude = -0.105881
05-11-2020 19:44:10 DEBUG FileDAOImpl - latitude = 51.564635
05-11-2020 19:44:10 DEBUG FileDAOImpl - longitude = 0.024189
05-11-2020 19:44:10 DEBUG FileDAOImpl - latitude = 51.549316
05-11-2020 19:44:10 DEBUG FileDAOImpl - longitude = -0.053329
05-11-2020 19:44:10 DEBUG FileDAOImpl - latitude = 51.439308
05-11-2020 19:44:10 DEBUG FileDAOImpl - longitude = -0.195544
05-11-2020 19:44:10 DEBUG FileDAOImpl - latitude = 51.480261
05-11-2020 19:44:10 DEBUG FileDAOImpl - longitude = -0.349439
05-11-2020 19:44:10 DEBUG FileDAOImpl - latitude = 51.433943
05-11-2020 19:44:10 DEBUG FileDAOImpl - longitude = 0.071775
05-11-2020 19:44:10 DEBUG FileDAOImpl - latitude = 51.509034
05-11-2020 19:44:10 DEBUG FileDAOImpl - longitude = 0.066084
05-11-2020 19:44:10 DEBUG FileDAOImpl - latitude = 51.576553
05-11-2020 19:44:10 DEBUG FileDAOImpl - longitude = -0.098718
05-11-2020 19:44:10 DEBUG FileDAOImpl - latitude = 51.373966
05-11-2020 19:44:10 DEBUG FileDAOImpl - longitude = 0.205977
05-11-2020 19:44:10 DEBUG FileDAOImpl - latitude = 51.581866
05-11-2020 19:44:10 DEBUG FileDAOImpl - longitude = -0.083835
05-11-2020 19:44:10 DEBUG FileDAOImpl - latitude = 51.42447
05-11-2020 19:44:10 DEBUG FileDAOImpl - longitude = -0.183544
05-11-2020 19:44:10 DEBUG FileDAOImpl - latitude = 51.4945
05-11-2020 19:44:10 DEBUG FileDAOImpl - longitude = -0.194835
05-11-2020 19:44:10 DEBUG FileDAOImpl - latitude = 51.572216
05-11-2020 19:44:10 DEBUG FileDAOImpl - longitude = -0.227404
05-11-2020 19:44:10 DEBUG FileDAOImpl - latitude = 51.502077
05-11-2020 19:44:10 DEBUG FileDAOImpl - longitude = -0.134808
05-11-2020 19:44:10 DEBUG FileDAOImpl - latitude = 51.520613
05-11-2020 19:44:10 DEBUG FileDAOImpl - longitude = 0.11173
05-11-2020 19:44:10 DEBUG FileDAOImpl - latitude = 51.566181
05-11-2020 19:44:10 DEBUG FileDAOImpl - longitude = -0.094473
05-11-2020 19:44:10 DEBUG FileDAOImpl - latitude = 51.663502
05-11-2020 19:44:10 DEBUG FileDAOImpl - longitude = -0.151301
05-11-2020 19:44:10 DEBUG FileDAOImpl - latitude = 51.555405
05-11-2020 19:44:10 DEBUG FileDAOImpl - longitude = 0.092273
05-11-2020 19:44:10 DEBUG FileDAOImpl - latitude = 51.61348
05-11-2020 19:44:10 DEBUG FileDAOImpl - longitude = -0.097314
05-11-2020 19:44:10 DEBUG FileDAOImpl - latitude = 51.642623
05-11-2020 19:44:10 DEBUG FileDAOImpl - longitude = -0.043122
05-11-2020 19:44:10 DEBUG FileDAOImpl - latitude = 51.354543
05-11-2020 19:44:10 DEBUG FileDAOImpl - longitude = -0.143961
05-11-2020 19:44:10 DEBUG FileDAOImpl - latitude = 51.523789
05-11-2020 19:44:10 DEBUG FileDAOImpl - longitude = -0.142478
05-11-2020 19:44:10 DEBUG FileDAOImpl - latitude = 51.50676
05-11-2020 19:44:10 DEBUG FileDAOImpl - longitude = -0.345879
05-11-2020 19:44:10 DEBUG FileDAOImpl - latitude = 51.54198
05-11-2020 19:44:10 DEBUG FileDAOImpl - longitude = -0.014863
05-11-2020 19:44:10 DEBUG FileDAOImpl - latitude = 51.477548
05-11-2020 19:44:10 DEBUG FileDAOImpl - longitude = 0.022599
05-11-2020 19:44:10 DEBUG FileDAOImpl - latitude = 51.430433
05-11-2020 19:44:10 DEBUG FileDAOImpl - longitude = -0.275164
05-11-2020 19:44:10 DEBUG FileDAOImpl - latitude = 51.491863
05-11-2020 19:44:10 DEBUG FileDAOImpl - longitude = -0.153879
05-11-2020 19:44:10 DEBUG FileDAOImpl - latitude = 51.377861
05-11-2020 19:44:10 DEBUG FileDAOImpl - longitude = -0.05559
05-11-2020 19:44:10 DEBUG FileDAOImpl - latitude = 51.547257
05-11-2020 19:44:10 DEBUG FileDAOImpl - longitude = -0.060185
05-11-2020 19:44:10 DEBUG FileDAOImpl - latitude = 51.549078
05-11-2020 19:44:10 DEBUG FileDAOImpl - longitude = -0.02526
05-11-2020 19:44:10 DEBUG FileDAOImpl - latitude = 51.543558
05-11-2020 19:44:10 DEBUG FileDAOImpl - longitude = -0.176581
05-11-2020 19:44:10 DEBUG FileDAOImpl - latitude = 51.668403
05-11-2020 19:44:10 DEBUG FileDAOImpl - longitude = -0.075595
05-11-2020 19:44:10 DEBUG FileDAOImpl - latitude = 51.538685
05-11-2020 19:44:10 DEBUG FileDAOImpl - longitude = 0.094109
05-11-2020 19:44:10 DEBUG FileDAOImpl - latitude = 51.602845
05-11-2020 19:44:10 DEBUG FileDAOImpl - longitude = -0.222861
05-11-2020 19:44:10 DEBUG FileDAOImpl - latitude = 51.49182
05-11-2020 19:44:10 DEBUG FileDAOImpl - longitude = -0.22464
05-11-2020 19:44:10 DEBUG FileDAOImpl - latitude = 51.493483
05-11-2020 19:44:10 DEBUG FileDAOImpl - longitude = -0.178015
05-11-2020 19:44:10 DEBUG FileDAOImpl - latitude = 51.556543
05-11-2020 19:44:10 DEBUG FileDAOImpl - longitude = -0.164566
05-11-2020 19:44:10 DEBUG FileDAOImpl - latitude = 51.5552
05-11-2020 19:44:10 DEBUG FileDAOImpl - longitude = -0.372135
05-11-2020 19:44:10 DEBUG FileDAOImpl - latitude = 51.41588
05-11-2020 19:44:10 DEBUG FileDAOImpl - longitude = -0.342757
05-11-2020 19:44:10 DEBUG FileDAOImpl - latitude = 51.402294
05-11-2020 19:44:10 DEBUG FileDAOImpl - longitude = -0.313104
05-11-2020 19:44:10 DEBUG FileDAOImpl - latitude = 51.41464
05-11-2020 19:44:10 DEBUG FileDAOImpl - longitude = -0.292996
05-11-2020 19:44:10 DEBUG FileDAOImpl - latitude = 51.530072
05-11-2020 19:44:10 DEBUG FileDAOImpl - longitude = -0.338052
05-11-2020 19:44:10 DEBUG FileDAOImpl - latitude = 51.512186
05-11-2020 19:44:10 DEBUG FileDAOImpl - longitude = -0.257496
05-11-2020 19:44:10 DEBUG FileDAOImpl - latitude = 51.536258
05-11-2020 19:44:10 DEBUG FileDAOImpl - longitude = 0.234204
05-11-2020 19:44:10 DEBUG FileDAOImpl - latitude = 51.593202
05-11-2020 19:44:10 DEBUG FileDAOImpl - longitude = -0.105208
05-11-2020 19:44:10 DEBUG FileDAOImpl - latitude = 51.577358
05-11-2020 19:44:10 DEBUG FileDAOImpl - longitude = -0.098217
05-11-2020 19:44:10 DEBUG FileDAOImpl - latitude = 51.577146
05-11-2020 19:44:10 DEBUG FileDAOImpl - longitude = -0.0607
05-11-2020 19:44:10 DEBUG FileDAOImpl - latitude = 51.399791
05-11-2020 19:44:10 DEBUG FileDAOImpl - longitude = -0.334253
05-11-2020 19:44:10 DEBUG FileDAOImpl - latitude = 51.592595
05-11-2020 19:44:10 DEBUG FileDAOImpl - longitude = -0.337002
05-11-2020 19:44:10 DEBUG FileDAOImpl - latitude = 51.579388
05-11-2020 19:44:10 DEBUG FileDAOImpl - longitude = -0.369179
05-11-2020 19:44:10 DEBUG FileDAOImpl - latitude = 51.609829
05-11-2020 19:44:10 DEBUG FileDAOImpl - longitude = -0.423381
05-11-2020 19:44:10 DEBUG FileDAOImpl - latitude = 51.466685
05-11-2020 19:44:10 DEBUG FileDAOImpl - longitude = -0.188929
05-11-2020 19:44:10 DEBUG FileDAOImpl - latitude = 51.425457
05-11-2020 19:44:10 DEBUG FileDAOImpl - longitude = 0.010143
05-11-2020 19:44:10 DEBUG FileDAOImpl - latitude = 51.375737
05-11-2020 19:44:10 DEBUG FileDAOImpl - longitude = -0.420642
05-11-2020 19:44:10 DEBUG FileDAOImpl - latitude = 51.503049
05-11-2020 19:44:10 DEBUG FileDAOImpl - longitude = -0.356908
05-11-2020 19:44:10 DEBUG FileDAOImpl - latitude = 51.6025
05-11-2020 19:44:10 DEBUG FileDAOImpl - longitude = -0.44773
05-11-2020 19:44:10 DEBUG FileDAOImpl - latitude = 51.45978
05-11-2020 19:44:10 DEBUG FileDAOImpl - longitude = -0.490648
05-11-2020 19:44:10 DEBUG FileDAOImpl - latitude = 51.470025
05-11-2020 19:44:10 DEBUG FileDAOImpl - longitude = -0.452407
05-11-2020 19:44:10 DEBUG FileDAOImpl - latitude = 51.471289
05-11-2020 19:44:10 DEBUG FileDAOImpl - longitude = -0.238631
05-11-2020 19:44:10 DEBUG FileDAOImpl - latitude = 51.580075
05-11-2020 19:44:10 DEBUG FileDAOImpl - longitude = -0.226734
05-11-2020 19:44:10 DEBUG FileDAOImpl - latitude = 51.583133
05-11-2020 19:44:10 DEBUG FileDAOImpl - longitude = -0.102563
05-11-2020 19:44:10 DEBUG FileDAOImpl - latitude = 51.453991
05-11-2020 19:44:10 DEBUG FileDAOImpl - longitude = -0.021954
05-11-2020 19:44:10 DEBUG FileDAOImpl - latitude = 51.503387
05-11-2020 19:44:10 DEBUG FileDAOImpl - longitude = -0.194165
05-11-2020 19:44:10 DEBUG FileDAOImpl - latitude = 51.651688
05-11-2020 19:44:10 DEBUG FileDAOImpl - longitude = -0.191566
05-11-2020 19:44:10 DEBUG FileDAOImpl - latitude = 51.500729
05-11-2020 19:44:10 DEBUG FileDAOImpl - longitude = -0.000135
05-11-2020 19:44:10 DEBUG FileDAOImpl - latitude = 51.608356
05-11-2020 19:44:10 DEBUG FileDAOImpl - longitude = -0.104082
05-11-2020 19:44:10 DEBUG FileDAOImpl - latitude = 51.546496
05-11-2020 19:44:10 DEBUG FileDAOImpl - longitude = -0.146935
05-11-2020 19:44:10 DEBUG FileDAOImpl - latitude = 51.577647
05-11-2020 19:44:10 DEBUG FileDAOImpl - longitude = -0.449898
05-11-2020 19:44:10 DEBUG FileDAOImpl - latitude = 51.553778
05-11-2020 19:44:10 DEBUG FileDAOImpl - longitude = -0.000971
05-11-2020 19:44:10 DEBUG FileDAOImpl - latitude = 51.452402
05-11-2020 19:44:10 DEBUG FileDAOImpl - longitude = -0.119841
05-11-2020 19:44:10 DEBUG FileDAOImpl - latitude = 51.517236
05-11-2020 19:44:10 DEBUG FileDAOImpl - longitude = -0.206558
05-11-2020 19:44:10 DEBUG FileDAOImpl - latitude = 51.507146
05-11-2020 19:44:10 DEBUG FileDAOImpl - longitude = -0.112936
05-11-2020 19:44:10 DEBUG FileDAOImpl - latitude = 51.552816
05-11-2020 19:44:10 DEBUG FileDAOImpl - longitude = -0.038512
05-11-2020 19:44:10 DEBUG FileDAOImpl - latitude = 51.546595
05-11-2020 19:44:10 DEBUG FileDAOImpl - longitude = -0.044153
05-11-2020 19:44:10 DEBUG FileDAOImpl - latitude = 51.450648
05-11-2020 19:44:10 DEBUG FileDAOImpl - longitude = 0.218927
05-11-2020 19:44:10 DEBUG FileDAOImpl - latitude = 51.554355
05-11-2020 19:44:10 DEBUG FileDAOImpl - longitude = -0.111816
05-11-2020 19:44:10 DEBUG FileDAOImpl - latitude = 51.586475
05-11-2020 19:44:10 DEBUG FileDAOImpl - longitude = -0.361796
05-11-2020 19:44:10 DEBUG FileDAOImpl - latitude = 51.462505
05-11-2020 19:44:10 DEBUG FileDAOImpl - longitude = -0.365958
05-11-2020 19:44:10 DEBUG FileDAOImpl - latitude = 51.470926
05-11-2020 19:44:10 DEBUG FileDAOImpl - longitude = -0.355275
05-11-2020 19:44:10 DEBUG FileDAOImpl - latitude = 51.473708
05-11-2020 19:44:10 DEBUG FileDAOImpl - longitude = -0.385708
05-11-2020 19:44:10 DEBUG FileDAOImpl - latitude = 51.473106
05-11-2020 19:44:10 DEBUG FileDAOImpl - longitude = -0.075586
05-11-2020 19:44:10 DEBUG FileDAOImpl - latitude = 51.531392
05-11-2020 19:44:10 DEBUG FileDAOImpl - longitude = -0.152474
05-11-2020 19:44:10 DEBUG FileDAOImpl - latitude = 51.502584
05-11-2020 19:44:10 DEBUG FileDAOImpl - longitude = -0.44158
05-11-2020 19:44:10 DEBUG FileDAOImpl - latitude = 51.560825
05-11-2020 19:44:10 DEBUG FileDAOImpl - longitude = 0.068685
05-11-2020 19:44:10 DEBUG FileDAOImpl - latitude = 51.559142
05-11-2020 19:44:10 DEBUG FileDAOImpl - longitude = -0.182838
05-11-2020 19:44:10 DEBUG FileDAOImpl - latitude = 51.474939
05-11-2020 19:44:10 DEBUG FileDAOImpl - longitude = -0.010493
05-11-2020 19:44:10 DEBUG FileDAOImpl - latitude = 51.48795
05-11-2020 19:44:10 DEBUG FileDAOImpl - longitude = -0.337329
05-11-2020 19:44:10 DEBUG FileDAOImpl - latitude = 51.475037
05-11-2020 19:44:10 DEBUG FileDAOImpl - longitude = -0.10122
05-11-2020 19:44:10 DEBUG FileDAOImpl - latitude = 51.3246
05-11-2020 19:44:10 DEBUG FileDAOImpl - longitude = -0.105071
05-11-2020 19:44:10 DEBUG FileDAOImpl - latitude = 51.488662
05-11-2020 19:44:10 DEBUG FileDAOImpl - longitude = -0.224713
05-11-2020 19:44:10 DEBUG FileDAOImpl - latitude = 51.530524
05-11-2020 19:44:10 DEBUG FileDAOImpl - longitude = -0.220821
05-11-2020 19:44:10 DEBUG FileDAOImpl - latitude = 51.534215
05-11-2020 19:44:10 DEBUG FileDAOImpl - longitude = -0.210379
05-11-2020 19:44:10 DEBUG FileDAOImpl - latitude = 51.49788
05-11-2020 19:44:10 DEBUG FileDAOImpl - longitude = -0.045816
05-11-2020 19:44:10 DEBUG FileDAOImpl - latitude = 51.412718
05-11-2020 19:44:10 DEBUG FileDAOImpl - longitude = -0.140471
05-11-2020 19:44:10 DEBUG FileDAOImpl - latitude = 51.55001
05-11-2020 19:44:10 DEBUG FileDAOImpl - longitude = -0.146756
05-11-2020 19:44:10 DEBUG FileDAOImpl - latitude = 51.546548
05-11-2020 19:44:10 DEBUG FileDAOImpl - longitude = -0.315217
05-11-2020 19:44:10 DEBUG FileDAOImpl - latitude = 51.581496
05-11-2020 19:44:10 DEBUG FileDAOImpl - longitude = -0.288846
05-11-2020 19:44:10 DEBUG FileDAOImpl - latitude = 51.490005
05-11-2020 19:44:10 DEBUG FileDAOImpl - longitude = -0.285381
05-11-2020 19:44:10 DEBUG FileDAOImpl - latitude = 51.476789
05-11-2020 19:44:10 DEBUG FileDAOImpl - longitude = 0.0283
05-11-2020 19:44:10 DEBUG FileDAOImpl - latitude = 51.46269
05-11-2020 19:44:10 DEBUG FileDAOImpl - longitude = -0.204633
05-11-2020 19:44:10 DEBUG FileDAOImpl - latitude = 51.546944
05-11-2020 19:44:10 DEBUG FileDAOImpl - longitude = -0.191113
05-11-2020 19:44:10 DEBUG FileDAOImpl - latitude = 51.537268
05-11-2020 19:44:10 DEBUG FileDAOImpl - longitude = -0.193966
05-11-2020 19:44:10 DEBUG FileDAOImpl - latitude = 51.535136
05-11-2020 19:44:10 DEBUG FileDAOImpl - longitude = 0.062206
05-11-2020 19:44:10 DEBUG FileDAOImpl - latitude = 51.502009
05-11-2020 19:44:10 DEBUG FileDAOImpl - longitude = -0.020265
05-11-2020 19:44:10 DEBUG FileDAOImpl - latitude = 51.345364
05-11-2020 19:44:10 DEBUG FileDAOImpl - longitude = -0.122756
05-11-2020 19:44:10 DEBUG FileDAOImpl - latitude = 51.530798
05-11-2020 19:44:10 DEBUG FileDAOImpl - longitude = -0.123872
05-11-2020 19:44:10 DEBUG FileDAOImpl - latitude = 51.530312
05-11-2020 19:44:10 DEBUG FileDAOImpl - longitude = -0.278602
05-11-2020 19:44:10 DEBUG FileDAOImpl - latitude = 51.584877
05-11-2020 19:44:10 DEBUG FileDAOImpl - longitude = -0.301141
05-11-2020 19:44:10 DEBUG FileDAOImpl - latitude = 51.412642
05-11-2020 19:44:10 DEBUG FileDAOImpl - longitude = -0.211233
05-11-2020 19:44:10 DEBUG FileDAOImpl - latitude = 51.294723
05-11-2020 19:44:10 DEBUG FileDAOImpl - longitude = -0.160664
05-11-2020 19:44:10 DEBUG FileDAOImpl - latitude = 51.501355
05-11-2020 19:44:10 DEBUG FileDAOImpl - longitude = 0.130831
05-11-2020 19:44:10 DEBUG FileDAOImpl - latitude = 51.345752
05-11-2020 19:44:10 DEBUG FileDAOImpl - longitude = -0.210198
05-11-2020 19:44:10 DEBUG FileDAOImpl - latitude = 51.517211
05-11-2020 19:44:10 DEBUG FileDAOImpl - longitude = -0.019244
05-11-2020 19:44:10 DEBUG FileDAOImpl - latitude = 51.456192
05-11-2020 19:44:10 DEBUG FileDAOImpl - longitude = -0.111768
05-11-2020 19:44:10 DEBUG FileDAOImpl - latitude = 51.49913
05-11-2020 19:44:10 DEBUG FileDAOImpl - longitude = -0.17543
05-11-2020 19:44:10 DEBUG FileDAOImpl - latitude = 51.511891
05-11-2020 19:44:10 DEBUG FileDAOImpl - longitude = -0.015214
05-11-2020 19:44:10 DEBUG FileDAOImpl - latitude = 51.518884
05-11-2020 19:44:10 DEBUG FileDAOImpl - longitude = -0.21746
05-11-2020 19:44:10 DEBUG FileDAOImpl - latitude = 51.513958
05-11-2020 19:44:10 DEBUG FileDAOImpl - longitude = -0.036683
05-11-2020 19:44:10 DEBUG FileDAOImpl - latitude = 51.566636
05-11-2020 19:44:10 DEBUG FileDAOImpl - longitude = -0.084974
05-11-2020 19:44:10 DEBUG FileDAOImpl - latitude = 51.375199
05-11-2020 19:44:10 DEBUG FileDAOImpl - longitude = 0.013365
05-11-2020 19:44:10 DEBUG FileDAOImpl - latitude = 51.449459
05-11-2020 19:44:10 DEBUG FileDAOImpl - longitude = -0.128242
05-11-2020 19:44:10 DEBUG FileDAOImpl - latitude = 51.511291
05-11-2020 19:44:10 DEBUG FileDAOImpl - longitude = -0.012433
05-11-2020 19:44:10 DEBUG FileDAOImpl - latitude = 51.464881
05-11-2020 19:44:10 DEBUG FileDAOImpl - longitude = -0.006465
05-11-2020 19:44:10 DEBUG FileDAOImpl - latitude = 51.558132
05-11-2020 19:44:10 DEBUG FileDAOImpl - longitude = -0.008066
05-11-2020 19:44:10 DEBUG FileDAOImpl - latitude = 51.569364
05-11-2020 19:44:10 DEBUG FileDAOImpl - longitude = 0.00914
05-11-2020 19:44:10 DEBUG FileDAOImpl - latitude = 51.568522
05-11-2020 19:44:10 DEBUG FileDAOImpl - longitude = 0.008254
05-11-2020 19:44:10 DEBUG FileDAOImpl - latitude = 51.563807
05-11-2020 19:44:10 DEBUG FileDAOImpl - longitude = -0.03938
05-11-2020 19:44:10 DEBUG FileDAOImpl - latitude = 51.512312
05-11-2020 19:44:10 DEBUG FileDAOImpl - longitude = -0.08225
05-11-2020 19:44:10 DEBUG FileDAOImpl - latitude = 51.517598
05-11-2020 19:44:10 DEBUG FileDAOImpl - longitude = -0.080746
05-11-2020 19:44:10 DEBUG FileDAOImpl - latitude = 51.364276
05-11-2020 19:44:10 DEBUG FileDAOImpl - longitude = -0.086006
05-11-2020 19:44:10 DEBUG FileDAOImpl - latitude = 51.504674
05-11-2020 19:44:10 DEBUG FileDAOImpl - longitude = 0.047873
05-11-2020 19:44:10 DEBUG FileDAOImpl - latitude = 51.50369
05-11-2020 19:44:10 DEBUG FileDAOImpl - longitude = -0.0577
05-11-2020 19:44:10 DEBUG FileDAOImpl - latitude = 51.540719
05-11-2020 19:44:10 DEBUG FileDAOImpl - longitude = -0.102497
05-11-2020 19:44:10 DEBUG FileDAOImpl - latitude = 51.466679
05-11-2020 19:44:10 DEBUG FileDAOImpl - longitude = 0.055279
05-11-2020 19:44:10 DEBUG FileDAOImpl - latitude = 51.64157
05-11-2020 19:44:10 DEBUG FileDAOImpl - longitude = -0.03333
05-11-2020 19:44:10 DEBUG FileDAOImpl - latitude = 51.424847
05-11-2020 19:44:10 DEBUG FileDAOImpl - longitude = -0.185433
05-11-2020 19:44:10 DEBUG FileDAOImpl - latitude = 51.529995
05-11-2020 19:44:10 DEBUG FileDAOImpl - longitude = -0.26112
05-11-2020 19:44:10 DEBUG FileDAOImpl - latitude = 51.38461
05-11-2020 19:44:10 DEBUG FileDAOImpl - longitude = -0.095685
05-11-2020 19:44:10 DEBUG FileDAOImpl - latitude = 51.570747
05-11-2020 19:44:10 DEBUG FileDAOImpl - longitude = 0.045724
05-11-2020 19:44:10 DEBUG FileDAOImpl - latitude = 51.552854
05-11-2020 19:44:10 DEBUG FileDAOImpl - longitude = -0.094198
05-11-2020 19:44:10 DEBUG FileDAOImpl - latitude = 51.512092
05-11-2020 19:44:10 DEBUG FileDAOImpl - longitude = -0.158571
05-11-2020 19:44:10 DEBUG FileDAOImpl - latitude = 51.513965
05-11-2020 19:44:10 DEBUG FileDAOImpl - longitude = 0.005682
05-11-2020 19:44:10 DEBUG FileDAOImpl - latitude = 51.545668
05-11-2020 19:44:10 DEBUG FileDAOImpl - longitude = -0.163493
05-11-2020 19:44:10 DEBUG FileDAOImpl - latitude = 51.522397
05-11-2020 19:44:10 DEBUG FileDAOImpl - longitude = 0.003205
05-11-2020 19:44:10 DEBUG FileDAOImpl - latitude = 51.483014
05-11-2020 19:44:10 DEBUG FileDAOImpl - longitude = -0.201342
05-11-2020 19:44:10 DEBUG FileDAOImpl - latitude = 51.413392
05-11-2020 19:44:10 DEBUG FileDAOImpl - longitude = -0.032666
05-11-2020 19:44:10 DEBUG FileDAOImpl - latitude = 51.525311
05-11-2020 19:44:10 DEBUG FileDAOImpl - longitude = -0.249537
05-11-2020 19:44:10 DEBUG FileDAOImpl - latitude = 51.612871
05-11-2020 19:44:10 DEBUG FileDAOImpl - longitude = -0.209896
05-11-2020 19:44:10 DEBUG FileDAOImpl - latitude = 51.608317
05-11-2020 19:44:10 DEBUG FileDAOImpl - longitude = -0.170872
05-11-2020 19:44:10 DEBUG FileDAOImpl - latitude = 51.397489
05-11-2020 19:44:10 DEBUG FileDAOImpl - longitude = -0.154002
05-11-2020 19:44:10 DEBUG FileDAOImpl - latitude = 51.408384
05-11-2020 19:44:10 DEBUG FileDAOImpl - longitude = -0.157437
05-11-2020 19:44:10 DEBUG FileDAOImpl - latitude = 51.393043
05-11-2020 19:44:10 DEBUG FileDAOImpl - longitude = -0.086188
05-11-2020 19:44:10 DEBUG FileDAOImpl - latitude = 51.51063
05-11-2020 19:44:10 DEBUG FileDAOImpl - longitude = -0.432913
05-11-2020 19:44:10 DEBUG FileDAOImpl - latitude = 51.629931
05-11-2020 19:44:10 DEBUG FileDAOImpl - longitude = -0.089018
05-11-2020 19:44:10 DEBUG FileDAOImpl - latitude = 51.518437
05-11-2020 19:44:10 DEBUG FileDAOImpl - longitude = -0.194852
05-11-2020 19:44:10 DEBUG FileDAOImpl - latitude = 51.402186
05-11-2020 19:44:10 DEBUG FileDAOImpl - longitude = -0.192806
05-11-2020 19:44:10 DEBUG FileDAOImpl - latitude = 51.408872
05-11-2020 19:44:10 DEBUG FileDAOImpl - longitude = -0.200302
05-11-2020 19:44:10 DEBUG FileDAOImpl - latitude = 51.396308
05-11-2020 19:44:10 DEBUG FileDAOImpl - longitude = -0.138744
05-11-2020 19:44:10 DEBUG FileDAOImpl - latitude = 51.534362
05-11-2020 19:44:10 DEBUG FileDAOImpl - longitude = -0.267203
05-11-2020 19:44:10 DEBUG FileDAOImpl - latitude = 51.468168
05-11-2020 19:44:10 DEBUG FileDAOImpl - longitude = -0.23944
05-11-2020 19:44:10 DEBUG FileDAOImpl - latitude = 51.39532
05-11-2020 19:44:10 DEBUG FileDAOImpl - longitude = 0.050324
05-11-2020 19:44:10 DEBUG FileDAOImpl - latitude = 51.439825
05-11-2020 19:44:10 DEBUG FileDAOImpl - longitude = -0.01496
05-11-2020 19:44:10 DEBUG FileDAOImpl - latitude = 51.491236
05-11-2020 19:44:10 DEBUG FileDAOImpl - longitude = -0.250115
05-11-2020 19:44:10 DEBUG FileDAOImpl - latitude = 51.554628
05-11-2020 19:44:10 DEBUG FileDAOImpl - longitude = -0.017383
05-11-2020 19:44:10 DEBUG FileDAOImpl - latitude = 51.342591
05-11-2020 19:44:10 DEBUG FileDAOImpl - longitude = -0.17297
05-11-2020 19:44:10 DEBUG FileDAOImpl - latitude = 51.648537
05-11-2020 19:44:10 DEBUG FileDAOImpl - longitude = -0.035305
05-11-2020 19:44:10 DEBUG FileDAOImpl - latitude = 51.416706
05-11-2020 19:44:10 DEBUG FileDAOImpl - longitude = -0.032279
05-11-2020 19:44:10 DEBUG FileDAOImpl - latitude = 51.476429
05-11-2020 19:44:10 DEBUG FileDAOImpl - longitude = -0.039529
05-11-2020 19:44:10 DEBUG FileDAOImpl - latitude = 51.475265
05-11-2020 19:44:10 DEBUG FileDAOImpl - longitude = 0.070445
05-11-2020 19:44:10 DEBUG FileDAOImpl - latitude = 51.437691
05-11-2020 19:44:10 DEBUG FileDAOImpl - longitude = -0.256218
05-11-2020 19:44:10 DEBUG FileDAOImpl - latitude = 51.403556
05-11-2020 19:44:10 DEBUG FileDAOImpl - longitude = -0.14301
05-11-2020 19:44:10 DEBUG FileDAOImpl - latitude = 51.614094
05-11-2020 19:44:10 DEBUG FileDAOImpl - longitude = 0.090303
05-11-2020 19:44:10 DEBUG FileDAOImpl - latitude = 51.575638
05-11-2020 19:44:10 DEBUG FileDAOImpl - longitude = -0.2842
05-11-2020 19:44:10 DEBUG FileDAOImpl - latitude = 51.411909
05-11-2020 19:44:10 DEBUG FileDAOImpl - longitude = -0.122799
05-11-2020 19:44:10 DEBUG FileDAOImpl - latitude = 51.411189
05-11-2020 19:44:10 DEBUG FileDAOImpl - longitude = -0.25973
05-11-2020 19:44:10 DEBUG FileDAOImpl - latitude = 51.523432
05-11-2020 19:44:10 DEBUG FileDAOImpl - longitude = -0.087919
05-11-2020 19:44:10 DEBUG FileDAOImpl - latitude = 51.454482
05-11-2020 19:44:10 DEBUG FileDAOImpl - longitude = -0.288994
05-11-2020 19:44:10 DEBUG FileDAOImpl - latitude = 51.517622
05-11-2020 19:44:10 DEBUG FileDAOImpl - longitude = 0.003586
05-11-2020 19:44:10 DEBUG FileDAOImpl - latitude = 51.500255
05-11-2020 19:44:10 DEBUG FileDAOImpl - longitude = -0.362633
05-11-2020 19:44:10 DEBUG FileDAOImpl - latitude = 51.584631
05-11-2020 19:44:10 DEBUG FileDAOImpl - longitude = -0.286397
05-11-2020 19:44:10 DEBUG FileDAOImpl - latitude = 51.46542
05-11-2020 19:44:10 DEBUG FileDAOImpl - longitude = -0.303948
05-11-2020 19:44:10 DEBUG FileDAOImpl - latitude = 51.562396
05-11-2020 19:44:10 DEBUG FileDAOImpl - longitude = -0.315065
05-11-2020 19:44:10 DEBUG FileDAOImpl - latitude = 51.500492
05-11-2020 19:44:10 DEBUG FileDAOImpl - longitude = -0.368441
05-11-2020 19:44:10 DEBUG FileDAOImpl - latitude = 51.548213
05-11-2020 19:44:10 DEBUG FileDAOImpl - longitude = -0.359434
05-11-2020 19:44:10 DEBUG FileDAOImpl - latitude = 51.557619
05-11-2020 19:44:10 DEBUG FileDAOImpl - longitude = -0.054132
05-11-2020 19:44:10 DEBUG FileDAOImpl - latitude = 51.602016
05-11-2020 19:44:10 DEBUG FileDAOImpl - longitude = -0.318199
05-11-2020 19:44:10 DEBUG FileDAOImpl - latitude = 51.578509
05-11-2020 19:44:10 DEBUG FileDAOImpl - longitude = -0.423838
05-11-2020 19:44:10 DEBUG FileDAOImpl - latitude = 51.611214
05-11-2020 19:44:10 DEBUG FileDAOImpl - longitude = -0.409311
05-11-2020 19:44:10 DEBUG FileDAOImpl - latitude = 51.600803
05-11-2020 19:44:10 DEBUG FileDAOImpl - longitude = -0.07521
05-11-2020 19:44:10 DEBUG FileDAOImpl - latitude = 51.396954
05-11-2020 19:44:10 DEBUG FileDAOImpl - longitude = -0.195922
05-11-2020 19:44:10 DEBUG FileDAOImpl - latitude = 51.509375
05-11-2020 19:44:10 DEBUG FileDAOImpl - longitude = -0.05368
05-11-2020 19:44:10 DEBUG FileDAOImpl - latitude = 51.46658
05-11-2020 19:44:10 DEBUG FileDAOImpl - longitude = -0.166195
05-11-2020 19:44:10 DEBUG FileDAOImpl - latitude = 51.637676
05-11-2020 19:44:10 DEBUG FileDAOImpl - longitude = -0.131854
05-11-2020 19:44:10 DEBUG FileDAOImpl - latitude = 51.647638
05-11-2020 19:44:10 DEBUG FileDAOImpl - longitude = 0.290483
05-11-2020 19:44:10 DEBUG FileDAOImpl - latitude = 51.52199
05-11-2020 19:44:10 DEBUG FileDAOImpl - longitude = -0.087623
05-11-2020 19:44:10 DEBUG FileDAOImpl - latitude = 51.525581
05-11-2020 19:44:10 DEBUG FileDAOImpl - longitude = 0.089029
05-11-2020 19:44:10 DEBUG FileDAOImpl - latitude = 51.37352
05-11-2020 19:44:10 DEBUG FileDAOImpl - longitude = -0.352096
05-11-2020 19:44:10 DEBUG FileDAOImpl - latitude = 51.481217
05-11-2020 19:44:10 DEBUG FileDAOImpl - longitude = -0.113321
05-11-2020 19:44:10 DEBUG FileDAOImpl - latitude = 51.481413
05-11-2020 19:44:10 DEBUG FileDAOImpl - longitude = -0.140836
05-11-2020 19:44:10 DEBUG FileDAOImpl - latitude = 51.515223
05-11-2020 19:44:10 DEBUG FileDAOImpl - longitude = -0.175737
05-11-2020 19:44:10 DEBUG FileDAOImpl - latitude = 51.515394
05-11-2020 19:44:10 DEBUG FileDAOImpl - longitude = -0.110273
05-11-2020 19:44:10 DEBUG FileDAOImpl - latitude = 51.618787
05-11-2020 19:44:10 DEBUG FileDAOImpl - longitude = -0.284929
05-11-2020 19:44:10 DEBUG FileDAOImpl - latitude = 51.526834
05-11-2020 19:44:10 DEBUG FileDAOImpl - longitude = -0.201124
05-11-2020 19:44:10 DEBUG FileDAOImpl - latitude = 51.47496
05-11-2020 19:44:10 DEBUG FileDAOImpl - longitude = -0.069984
05-11-2020 19:44:10 DEBUG FileDAOImpl - latitude = 51.469511
05-11-2020 19:44:10 DEBUG FileDAOImpl - longitude = -0.054495
05-11-2020 19:44:10 DEBUG FileDAOImpl - latitude = 51.419975
05-11-2020 19:44:10 DEBUG FileDAOImpl - longitude = -0.060646
05-11-2020 19:44:10 DEBUG FileDAOImpl - latitude = 51.418063
05-11-2020 19:44:10 DEBUG FileDAOImpl - longitude = -0.32307
05-11-2020 19:44:10 DEBUG FileDAOImpl - latitude = 51.536342
05-11-2020 19:44:10 DEBUG FileDAOImpl - longitude = 0.07448
05-11-2020 19:44:10 DEBUG FileDAOImpl - latitude = 51.388599
05-11-2020 19:44:10 DEBUG FileDAOImpl - longitude = -0.182297
05-11-2020 19:44:10 DEBUG FileDAOImpl - latitude = 51.403377
05-11-2020 19:44:10 DEBUG FileDAOImpl - longitude = -0.133712
05-11-2020 19:44:10 DEBUG FileDAOImpl - latitude = 51.509697
05-11-2020 19:44:10 DEBUG FileDAOImpl - longitude = -0.133108
05-11-2020 19:44:10 DEBUG FileDAOImpl - latitude = 51.489553
05-11-2020 19:44:10 DEBUG FileDAOImpl - longitude = -0.381224
05-11-2020 19:44:10 DEBUG FileDAOImpl - latitude = 51.592362
05-11-2020 19:44:10 DEBUG FileDAOImpl - longitude = 0.017781
05-11-2020 19:44:10 DEBUG FileDAOImpl - latitude = 51.531288
05-11-2020 19:44:10 DEBUG FileDAOImpl - longitude = 0.0843
05-11-2020 19:44:10 DEBUG FileDAOImpl - latitude = 51.489792
05-11-2020 19:44:10 DEBUG FileDAOImpl - longitude = -0.034525
05-11-2020 19:44:10 DEBUG FileDAOImpl - latitude = 51.642731
05-11-2020 19:44:10 DEBUG FileDAOImpl - longitude = 0.033326
05-11-2020 19:44:10 DEBUG FileDAOImpl - latitude = 51.502216
05-11-2020 19:44:10 DEBUG FileDAOImpl - longitude = -0.017275
05-11-2020 19:44:10 DEBUG FileDAOImpl - latitude = 51.507588
05-11-2020 19:44:10 DEBUG FileDAOImpl - longitude = -0.294972
05-11-2020 19:44:10 DEBUG FileDAOImpl - latitude = 51.572104
05-11-2020 19:44:10 DEBUG FileDAOImpl - longitude = 0.033489
05-11-2020 19:44:10 DEBUG FileDAOImpl - latitude = 51.509435
05-11-2020 19:44:10 DEBUG FileDAOImpl - longitude = -0.012769
05-11-2020 19:44:10 DEBUG FileDAOImpl - latitude = 51.534328
05-11-2020 19:44:10 DEBUG FileDAOImpl - longitude = 0.236775
05-11-2020 19:44:10 DEBUG FileDAOImpl - latitude = 51.481173
05-11-2020 19:44:10 DEBUG FileDAOImpl - longitude = -0.113614
05-11-2020 19:44:10 DEBUG FileDAOImpl - latitude = 51.337364
05-11-2020 19:44:10 DEBUG FileDAOImpl - longitude = -0.098815
05-11-2020 19:44:10 DEBUG FileDAOImpl - latitude = 51.346989
05-11-2020 19:44:10 DEBUG FileDAOImpl - longitude = -0.216603
05-11-2020 19:44:10 DEBUG FileDAOImpl - latitude = 51.460953
05-11-2020 19:44:10 DEBUG FileDAOImpl - longitude = -0.209365
05-11-2020 19:44:10 DEBUG FileDAOImpl - latitude = 51.467865
05-11-2020 19:44:10 DEBUG FileDAOImpl - longitude = -0.204798
05-11-2020 19:44:10 DEBUG FileDAOImpl - latitude = 51.534313
05-11-2020 19:44:10 DEBUG FileDAOImpl - longitude = -0.057355
05-11-2020 19:44:10 DEBUG FileDAOImpl - latitude = 51.474285
05-11-2020 19:44:10 DEBUG FileDAOImpl - longitude = -0.286332
05-11-2020 19:44:10 DEBUG FileDAOImpl - latitude = 51.593883
05-11-2020 19:44:10 DEBUG FileDAOImpl - longitude = -0.147355
05-11-2020 19:44:10 DEBUG FileDAOImpl - latitude = 51.474959
05-11-2020 19:44:10 DEBUG FileDAOImpl - longitude = -0.18742
05-11-2020 19:44:10 DEBUG FileDAOImpl - latitude = 51.510449
05-11-2020 19:44:10 DEBUG FileDAOImpl - longitude = 0.190692
05-11-2020 19:44:10 DEBUG FileDAOImpl - latitude = 51.517341
05-11-2020 19:44:10 DEBUG FileDAOImpl - longitude = -0.006938
05-11-2020 19:44:10 DEBUG FileDAOImpl - latitude = 51.41387
05-11-2020 19:44:10 DEBUG FileDAOImpl - longitude = -0.235969
05-11-2020 19:44:10 DEBUG FileDAOImpl - latitude = 51.494068
05-11-2020 19:44:10 DEBUG FileDAOImpl - longitude = -0.371061
05-11-2020 19:44:10 DEBUG FileDAOImpl - latitude = 51.575397
05-11-2020 19:44:10 DEBUG FileDAOImpl - longitude = -0.229913
05-11-2020 19:44:10 DEBUG FileDAOImpl - latitude = 51.409375
05-11-2020 19:44:10 DEBUG FileDAOImpl - longitude = -0.068386
05-11-2020 19:44:10 DEBUG FileDAOImpl - latitude = 51.558763
05-11-2020 19:44:10 DEBUG FileDAOImpl - longitude = 0.045394
05-11-2020 19:44:10 DEBUG FileDAOImpl - latitude = 51.576367
05-11-2020 19:44:10 DEBUG FileDAOImpl - longitude = -0.123403
05-11-2020 19:44:10 DEBUG FileDAOImpl - latitude = 51.331442
05-11-2020 19:44:10 DEBUG FileDAOImpl - longitude = -0.10638
05-11-2020 19:44:10 DEBUG FileDAOImpl - latitude = 51.375277
05-11-2020 19:44:10 DEBUG FileDAOImpl - longitude = -0.145344
05-11-2020 19:44:10 DEBUG FileDAOImpl - latitude = 51.523811
05-11-2020 19:44:10 DEBUG FileDAOImpl - longitude = -0.301739
05-11-2020 19:44:10 DEBUG FileDAOImpl - latitude = 51.463233
05-11-2020 19:44:10 DEBUG FileDAOImpl - longitude = -0.473685
05-11-2020 19:44:10 DEBUG FileDAOImpl - latitude = 51.640323
05-11-2020 19:44:10 DEBUG FileDAOImpl - longitude = -0.099494
05-11-2020 19:44:10 DEBUG FileDAOImpl - latitude = 51.332675
05-11-2020 19:44:10 DEBUG FileDAOImpl - longitude = 0.044026
05-11-2020 19:44:10 DEBUG FileDAOImpl - latitude = 51.616956
05-11-2020 19:44:10 DEBUG FileDAOImpl - longitude = 0.183055
05-11-2020 19:44:10 DEBUG FileDAOImpl - latitude = 51.574642
05-11-2020 19:44:10 DEBUG FileDAOImpl - longitude = -0.052966
05-11-2020 19:44:10 DEBUG FileDAOImpl - latitude = 51.501595
05-11-2020 19:44:10 DEBUG FileDAOImpl - longitude = 0.045177
05-11-2020 19:44:10 DEBUG FileDAOImpl - latitude = 51.508494
05-11-2020 19:44:10 DEBUG FileDAOImpl - longitude = -0.188824
05-11-2020 19:44:10 DEBUG FileDAOImpl - latitude = 51.518294
05-11-2020 19:44:10 DEBUG FileDAOImpl - longitude = 0.017965
05-11-2020 19:44:10 DEBUG FileDAOImpl - latitude = 51.509055
05-11-2020 19:44:10 DEBUG FileDAOImpl - longitude = -0.421235
05-11-2020 19:44:10 DEBUG FileDAOImpl - latitude = 51.572162
05-11-2020 19:44:10 DEBUG FileDAOImpl - longitude = -0.409294
05-11-2020 19:44:10 DEBUG FileDAOImpl - latitude = 51.55996
05-11-2020 19:44:10 DEBUG FileDAOImpl - longitude = -0.412849
05-11-2020 19:44:10 DEBUG FileDAOImpl - latitude = 51.573452
05-11-2020 19:44:10 DEBUG FileDAOImpl - longitude = -0.12459
05-11-2020 19:44:10 DEBUG FileDAOImpl - latitude = 51.523013
05-11-2020 19:44:10 DEBUG FileDAOImpl - longitude = -0.093709
05-11-2020 19:44:10 DEBUG FileDAOImpl - latitude = 51.348246
05-11-2020 19:44:10 DEBUG FileDAOImpl - longitude = -0.078027
05-11-2020 19:44:10 DEBUG FileDAOImpl - latitude = 51.375022
05-11-2020 19:44:10 DEBUG FileDAOImpl - longitude = -0.089899
05-11-2020 19:44:10 DEBUG FileDAOImpl - latitude = 51.392186
05-11-2020 19:44:10 DEBUG FileDAOImpl - longitude = 0.09632
05-11-2020 19:44:10 DEBUG FileDAOImpl - latitude = 51.563993
05-11-2020 19:44:10 DEBUG FileDAOImpl - longitude = -0.072467
05-11-2020 19:44:10 DEBUG FileDAOImpl - latitude = 51.583362
05-11-2020 19:44:10 DEBUG FileDAOImpl - longitude = -0.056919
05-11-2020 19:44:10 DEBUG FileDAOImpl - latitude = 51.5113
05-11-2020 19:44:10 DEBUG FileDAOImpl - longitude = 0.329952
05-11-2020 19:44:10 DEBUG FileDAOImpl - latitude = 51.630873
05-11-2020 19:44:10 DEBUG FileDAOImpl - longitude = -0.218519
05-11-2020 19:44:10 DEBUG FileDAOImpl - latitude = 51.504532
05-11-2020 19:44:10 DEBUG FileDAOImpl - longitude = -0.2274
05-11-2020 19:44:10 DEBUG FileDAOImpl - latitude = 51.505881
05-11-2020 19:44:10 DEBUG FileDAOImpl - longitude = -0.077087
05-11-2020 19:44:10 DEBUG FileDAOImpl - latitude = 51.523467
05-11-2020 19:44:10 DEBUG FileDAOImpl - longitude = 0.002768
05-11-2020 19:44:10 DEBUG FileDAOImpl - latitude = 51.405602
05-11-2020 19:44:10 DEBUG FileDAOImpl - longitude = 0.103315
05-11-2020 19:44:10 DEBUG FileDAOImpl - latitude = 51.434398
05-11-2020 19:44:10 DEBUG FileDAOImpl - longitude = -0.07259
05-11-2020 19:44:10 DEBUG FileDAOImpl - latitude = 51.615242
05-11-2020 19:44:10 DEBUG FileDAOImpl - longitude = 0.190518
05-11-2020 19:44:10 DEBUG FileDAOImpl - latitude = 51.467748
05-11-2020 19:44:10 DEBUG FileDAOImpl - longitude = -0.156489
05-11-2020 19:44:10 DEBUG FileDAOImpl - latitude = 51.49236
05-11-2020 19:44:10 DEBUG FileDAOImpl - longitude = 0.021464
05-11-2020 19:44:10 DEBUG FileDAOImpl - latitude = 51.580891
05-11-2020 19:44:10 DEBUG FileDAOImpl - longitude = -0.270215
05-11-2020 19:44:10 DEBUG FileDAOImpl - latitude = 51.499686
05-11-2020 19:44:10 DEBUG FileDAOImpl - longitude = -0.054755
05-11-2020 19:44:10 DEBUG FileDAOImpl - latitude = 51.487677
05-11-2020 19:44:10 DEBUG FileDAOImpl - longitude = -0.092517
05-11-2020 19:44:10 DEBUG FileDAOImpl - latitude = 51.36275
05-11-2020 19:44:10 DEBUG FileDAOImpl - longitude = -0.30704
05-11-2020 19:44:10 DEBUG FileDAOImpl - latitude = 51.501644
05-11-2020 19:44:10 DEBUG FileDAOImpl - longitude = -0.336737
05-11-2020 19:44:10 DEBUG FileDAOImpl - latitude = 51.534028
05-11-2020 19:44:10 DEBUG FileDAOImpl - longitude = -0.178371
05-11-2020 19:44:10 DEBUG FileDAOImpl - latitude = 51.541477
05-11-2020 19:44:10 DEBUG FileDAOImpl - longitude = -0.351894
05-11-2020 19:44:10 DEBUG FileDAOImpl - latitude = 51.56468
05-11-2020 19:44:10 DEBUG FileDAOImpl - longitude = -0.173923
05-11-2020 19:44:10 DEBUG FileDAOImpl - latitude = 51.494071
05-11-2020 19:44:10 DEBUG FileDAOImpl - longitude = -0.308143
05-11-2020 19:44:10 DEBUG FileDAOImpl - latitude = 51.571044
05-11-2020 19:44:10 DEBUG FileDAOImpl - longitude = -0.20555
05-11-2020 19:44:10 DEBUG FileDAOImpl - latitude = 51.403241
05-11-2020 19:44:10 DEBUG FileDAOImpl - longitude = -0.018461
05-11-2020 19:44:10 DEBUG FileDAOImpl - latitude = 51.500864
05-11-2020 19:44:10 DEBUG FileDAOImpl - longitude = -0.399116
05-11-2020 19:44:10 DEBUG FileDAOImpl - latitude = 51.55689
05-11-2020 19:44:10 DEBUG FileDAOImpl - longitude = -0.071856
05-11-2020 19:44:10 DEBUG FileDAOImpl - latitude = 51.580403
05-11-2020 19:44:10 DEBUG FileDAOImpl - longitude = -0.191975
05-11-2020 19:44:10 DEBUG FileDAOImpl - latitude = 51.415361
05-11-2020 19:44:10 DEBUG FileDAOImpl - longitude = 0.027943
05-11-2020 19:44:10 DEBUG FileDAOImpl - latitude = 51.591553
05-11-2020 19:44:10 DEBUG FileDAOImpl - longitude = -0.378711
05-11-2020 19:44:10 DEBUG FileDAOImpl - latitude = 51.505957
05-11-2020 19:44:10 DEBUG FileDAOImpl - longitude = -0.052983
05-11-2020 19:44:10 DEBUG FileDAOImpl - latitude = 51.648434
05-11-2020 19:44:10 DEBUG FileDAOImpl - longitude = -0.206609
05-11-2020 19:44:10 DEBUG FileDAOImpl - latitude = 51.444883
05-11-2020 19:44:10 DEBUG FileDAOImpl - longitude = -0.12777
05-11-2020 19:44:10 DEBUG FileDAOImpl - latitude = 51.632376
05-11-2020 19:44:10 DEBUG FileDAOImpl - longitude = -0.105795
05-11-2020 19:44:10 DEBUG FileDAOImpl - latitude = 51.503854
05-11-2020 19:44:10 DEBUG FileDAOImpl - longitude = -0.199015
05-11-2020 19:44:10 DEBUG FileDAOImpl - latitude = 51.389912
05-11-2020 19:44:10 DEBUG FileDAOImpl - longitude = -0.032805
05-11-2020 19:44:10 DEBUG FileDAOImpl - latitude = 51.580609
05-11-2020 19:44:10 DEBUG FileDAOImpl - longitude = -0.023241
05-11-2020 19:44:10 DEBUG FileDAOImpl - latitude = 51.468975
05-11-2020 19:44:10 DEBUG FileDAOImpl - longitude = -0.321324
05-11-2020 19:44:10 DEBUG FileDAOImpl - latitude = 51.455206
05-11-2020 19:44:10 DEBUG FileDAOImpl - longitude = 0.107218
05-11-2020 19:44:10 DEBUG FileDAOImpl - latitude = 51.394759
05-11-2020 19:44:10 DEBUG FileDAOImpl - longitude = -0.125506
05-11-2020 19:44:10 DEBUG FileDAOImpl - latitude = 51.530554
05-11-2020 19:44:10 DEBUG FileDAOImpl - longitude = -0.133879
05-11-2020 19:44:10 DEBUG FileDAOImpl - latitude = 51.49961
05-11-2020 19:44:10 DEBUG FileDAOImpl - longitude = -0.174065
05-11-2020 19:44:10 DEBUG FileDAOImpl - latitude = 51.534854
05-11-2020 19:44:10 DEBUG FileDAOImpl - longitude = -0.097571
05-11-2020 19:44:10 DEBUG FileDAOImpl - latitude = 51.514835
05-11-2020 19:44:10 DEBUG FileDAOImpl - longitude = -0.245246
05-11-2020 19:44:10 DEBUG FileDAOImpl - latitude = 51.49445
05-11-2020 19:44:10 DEBUG FileDAOImpl - longitude = -0.076668
05-11-2020 19:44:10 DEBUG FileDAOImpl - latitude = 51.574448
05-11-2020 19:44:10 DEBUG FileDAOImpl - longitude = -0.303099
05-11-2020 19:44:10 DEBUG FileDAOImpl - latitude = 51.619673
05-11-2020 19:44:10 DEBUG FileDAOImpl - longitude = 0.004191
05-11-2020 19:44:10 DEBUG FileDAOImpl - latitude = 51.520604
05-11-2020 19:44:10 DEBUG FileDAOImpl - longitude = -0.047383
05-11-2020 19:44:10 DEBUG FileDAOImpl - latitude = 51.521996
05-11-2020 19:44:10 DEBUG FileDAOImpl - longitude = -0.122846
05-11-2020 19:44:10 DEBUG FileDAOImpl - latitude = 51.472159
05-11-2020 19:44:10 DEBUG FileDAOImpl - longitude = -0.072335
05-11-2020 19:44:10 DEBUG FileDAOImpl - latitude = 51.564638
05-11-2020 19:44:10 DEBUG FileDAOImpl - longitude = -0.2754
05-11-2020 19:44:10 DEBUG FileDAOImpl - latitude = 51.543987
05-11-2020 19:44:10 DEBUG FileDAOImpl - longitude = -0.24871
05-11-2020 19:44:10 DEBUG FileDAOImpl - latitude = 51.363364
05-11-2020 19:44:10 DEBUG FileDAOImpl - longitude = -0.003752
05-11-2020 19:44:10 DEBUG FileDAOImpl - latitude = 51.541693
05-11-2020 19:44:10 DEBUG FileDAOImpl - longitude = -0.00108
05-11-2020 19:44:10 DEBUG FileDAOImpl - latitude = 51.538149
05-11-2020 19:44:10 DEBUG FileDAOImpl - longitude = -0.008778
05-11-2020 19:44:10 DEBUG FileDAOImpl - latitude = 51.544809
05-11-2020 19:44:10 DEBUG FileDAOImpl - longitude = -0.339618
05-11-2020 19:44:10 DEBUG FileDAOImpl - latitude = 51.439748
05-11-2020 19:44:10 DEBUG FileDAOImpl - longitude = -0.132325
05-11-2020 19:44:10 DEBUG FileDAOImpl - latitude = 51.425846
05-11-2020 19:44:10 DEBUG FileDAOImpl - longitude = -0.135726
05-11-2020 19:44:10 DEBUG FileDAOImpl - latitude = 51.418985
05-11-2020 19:44:10 DEBUG FileDAOImpl - longitude = -0.127681
05-11-2020 19:44:10 DEBUG FileDAOImpl - latitude = 51.43846
05-11-2020 19:44:10 DEBUG FileDAOImpl - longitude = -0.315926
05-11-2020 19:44:10 DEBUG FileDAOImpl - latitude = 51.554494
05-11-2020 19:44:10 DEBUG FileDAOImpl - longitude = -0.336392
05-11-2020 19:44:10 DEBUG FileDAOImpl - latitude = 51.55734
05-11-2020 19:44:10 DEBUG FileDAOImpl - longitude = -0.335447
05-11-2020 19:44:10 DEBUG FileDAOImpl - latitude = 51.558342
05-11-2020 19:44:10 DEBUG FileDAOImpl - longitude = -0.316343
05-11-2020 19:44:10 DEBUG FileDAOImpl - latitude = 51.551397
05-11-2020 19:44:10 DEBUG FileDAOImpl - longitude = 0.020365
05-11-2020 19:44:10 DEBUG FileDAOImpl - latitude = 51.413394
05-11-2020 19:44:10 DEBUG FileDAOImpl - longitude = -0.304385
05-11-2020 19:44:10 DEBUG FileDAOImpl - latitude = 51.3926
05-11-2020 19:44:10 DEBUG FileDAOImpl - longitude = -0.04753
05-11-2020 19:44:10 DEBUG FileDAOImpl - latitude = 51.493267
05-11-2020 19:44:10 DEBUG FileDAOImpl - longitude = -0.191302
05-11-2020 19:44:10 DEBUG FileDAOImpl - latitude = 51.359506
05-11-2020 19:44:10 DEBUG FileDAOImpl - longitude = -0.19692
05-11-2020 19:44:10 DEBUG FileDAOImpl - latitude = 51.375555
05-11-2020 19:44:10 DEBUG FileDAOImpl - longitude = -0.175627
05-11-2020 19:44:10 DEBUG FileDAOImpl - latitude = 51.543035
05-11-2020 19:44:10 DEBUG FileDAOImpl - longitude = -0.055089
05-11-2020 19:44:10 DEBUG FileDAOImpl - latitude = 51.427341
05-11-2020 19:44:10 DEBUG FileDAOImpl - longitude = -0.08023
05-11-2020 19:44:10 DEBUG FileDAOImpl - latitude = 51.432576
05-11-2020 19:44:10 DEBUG FileDAOImpl - longitude = -0.326495
05-11-2020 19:44:10 DEBUG FileDAOImpl - latitude = 51.481475
05-11-2020 19:44:10 DEBUG FileDAOImpl - longitude = -0.236008
05-11-2020 19:44:10 DEBUG FileDAOImpl - latitude = 51.291628
05-11-2020 19:44:10 DEBUG FileDAOImpl - longitude = -0.242566
05-11-2020 19:44:10 DEBUG FileDAOImpl - latitude = 51.309181
05-11-2020 19:44:10 DEBUG FileDAOImpl - longitude = -0.332705
05-11-2020 19:44:10 DEBUG FileDAOImpl - latitude = 51.424497
05-11-2020 19:44:10 DEBUG FileDAOImpl - longitude = -0.113726
05-11-2020 19:44:10 DEBUG FileDAOImpl - latitude = 51.511041
05-11-2020 19:44:10 DEBUG FileDAOImpl - longitude = -0.338293
05-11-2020 19:44:10 DEBUG FileDAOImpl - latitude = 51.388616
05-11-2020 19:44:10 DEBUG FileDAOImpl - longitude = -0.034748
05-11-2020 19:44:10 DEBUG FileDAOImpl - latitude = 51.692373
05-11-2020 19:44:10 DEBUG FileDAOImpl - longitude = -0.129017
05-11-2020 19:44:10 DEBUG FileDAOImpl - latitude = 51.385686
05-11-2020 19:44:10 DEBUG FileDAOImpl - longitude = 0.102891
05-11-2020 19:44:10 DEBUG FileDAOImpl - latitude = 51.672552
05-11-2020 19:44:10 DEBUG FileDAOImpl - longitude = -0.100433
05-11-2020 19:44:10 DEBUG FileDAOImpl - latitude = 51.398481
05-11-2020 19:44:10 DEBUG FileDAOImpl - longitude = -0.27962
05-11-2020 19:44:10 DEBUG FileDAOImpl - latitude = 51.376843
05-11-2020 19:44:10 DEBUG FileDAOImpl - longitude = -0.161002
05-11-2020 19:44:10 DEBUG FileDAOImpl - latitude = 51.419897
05-11-2020 19:44:10 DEBUG FileDAOImpl - longitude = -0.1597
05-11-2020 19:44:10 DEBUG FileDAOImpl - latitude = 51.435838
05-11-2020 19:44:10 DEBUG FileDAOImpl - longitude = -0.168685
05-11-2020 19:44:10 DEBUG FileDAOImpl - latitude = 51.427049
05-11-2020 19:44:10 DEBUG FileDAOImpl - longitude = -0.13111
05-11-2020 19:44:10 DEBUG FileDAOImpl - latitude = 51.516211
05-11-2020 19:44:10 DEBUG FileDAOImpl - longitude = -0.060188
05-11-2020 19:44:10 DEBUG FileDAOImpl - latitude = 51.587998
05-11-2020 19:44:10 DEBUG FileDAOImpl - longitude = -0.179354
05-11-2020 19:44:10 DEBUG FileDAOImpl - latitude = 51.630247
05-11-2020 19:44:10 DEBUG FileDAOImpl - longitude = -0.07441
05-11-2020 19:44:10 DEBUG FileDAOImpl - latitude = 51.510393
05-11-2020 19:44:10 DEBUG FileDAOImpl - longitude = -0.076701
05-11-2020 19:44:10 DEBUG FileDAOImpl - latitude = 51.510394
05-11-2020 19:44:10 DEBUG FileDAOImpl - longitude = -0.137742
05-11-2020 19:44:10 DEBUG FileDAOImpl - latitude = 51.556441
05-11-2020 19:44:10 DEBUG FileDAOImpl - longitude = -0.105123
05-11-2020 19:44:10 DEBUG FileDAOImpl - latitude = 51.439797
05-11-2020 19:44:10 DEBUG FileDAOImpl - longitude = -0.04723
05-11-2020 19:44:10 DEBUG FileDAOImpl - latitude = 51.672654
05-11-2020 19:44:10 DEBUG FileDAOImpl - longitude = -0.254525
05-11-2020 19:44:10 DEBUG FileDAOImpl - latitude = 51.495182
05-11-2020 19:44:10 DEBUG FileDAOImpl - longitude = -0.102805
05-11-2020 19:44:10 DEBUG FileDAOImpl - latitude = 51.590358
05-11-2020 19:44:10 DEBUG FileDAOImpl - longitude = -0.32886
05-11-2020 19:44:10 DEBUG FileDAOImpl - latitude = 51.450251
05-11-2020 19:44:10 DEBUG FileDAOImpl - longitude = 0.251401
05-11-2020 19:44:10 DEBUG FileDAOImpl - latitude = 51.558763
05-11-2020 19:44:10 DEBUG FileDAOImpl - longitude = 0.234542
05-11-2020 19:44:10 DEBUG FileDAOImpl - latitude = 51.557719
05-11-2020 19:44:10 DEBUG FileDAOImpl - longitude = 0.101532
05-11-2020 19:44:10 DEBUG FileDAOImpl - latitude = 51.538406
05-11-2020 19:44:10 DEBUG FileDAOImpl - longitude = -0.129109
05-11-2020 19:44:10 DEBUG FileDAOImpl - latitude = 51.563623
05-11-2020 19:44:10 DEBUG FileDAOImpl - longitude = -0.077482
05-11-2020 19:44:10 DEBUG FileDAOImpl - latitude = 51.308772
05-11-2020 19:44:10 DEBUG FileDAOImpl - longitude = 0.034542
05-11-2020 19:44:10 DEBUG FileDAOImpl - latitude = 51.536628
05-11-2020 19:44:10 DEBUG FileDAOImpl - longitude = -0.477102
05-11-2020 19:44:10 DEBUG FileDAOImpl - latitude = 51.546455
05-11-2020 19:44:10 DEBUG FileDAOImpl - longitude = -0.12383
05-11-2020 19:44:10 DEBUG FileDAOImpl - latitude = 51.485736
05-11-2020 19:44:10 DEBUG FileDAOImpl - longitude = -0.143921
05-11-2020 19:44:10 DEBUG FileDAOImpl - latitude = 51.496424
05-11-2020 19:44:10 DEBUG FileDAOImpl - longitude = -0.117394
05-11-2020 19:44:10 DEBUG FileDAOImpl - latitude = 51.367379
05-11-2020 19:44:10 DEBUG FileDAOImpl - longitude = -0.117987
05-11-2020 19:44:10 DEBUG FileDAOImpl - latitude = 51.377083
05-11-2020 19:44:10 DEBUG FileDAOImpl - longitude = -0.150864
05-11-2020 19:44:10 DEBUG FileDAOImpl - latitude = 51.360332
05-11-2020 19:44:10 DEBUG FileDAOImpl - longitude = -0.026564
05-11-2020 19:44:10 DEBUG FileDAOImpl - latitude = 51.685257
05-11-2020 19:44:10 DEBUG FileDAOImpl - longitude = -0.019941
05-11-2020 19:44:10 DEBUG FileDAOImpl - latitude = 51.583018
05-11-2020 19:44:10 DEBUG FileDAOImpl - longitude = -0.023844
05-11-2020 19:44:10 DEBUG FileDAOImpl - latitude = 51.581546
05-11-2020 19:44:10 DEBUG FileDAOImpl - longitude = -0.113253
05-11-2020 19:44:10 DEBUG FileDAOImpl - latitude = 51.373401
05-11-2020 19:44:10 DEBUG FileDAOImpl - longitude = -0.163537
05-11-2020 19:44:10 DEBUG FileDAOImpl - latitude = 51.446366
05-11-2020 19:44:10 DEBUG FileDAOImpl - longitude = -0.139038
05-11-2020 19:44:10 DEBUG FileDAOImpl - latitude = 51.470223
05-11-2020 19:44:10 DEBUG FileDAOImpl - longitude = -0.18791
05-11-2020 19:44:10 DEBUG FileDAOImpl - latitude = 51.461034
05-11-2020 19:44:10 DEBUG FileDAOImpl - longitude = 0.02876
05-11-2020 19:44:10 DEBUG FileDAOImpl - latitude = 51.574902
05-11-2020 19:44:10 DEBUG FileDAOImpl - longitude = 0.02639
05-11-2020 19:44:10 DEBUG FileDAOImpl - latitude = 51.551778
05-11-2020 19:44:10 DEBUG FileDAOImpl - longitude = -0.055861
05-11-2020 19:44:10 DEBUG FileDAOImpl - latitude = 51.50434
05-11-2020 19:44:10 DEBUG FileDAOImpl - longitude = -0.138278
05-11-2020 19:44:10 DEBUG FileDAOImpl - latitude = 51.52458
05-11-2020 19:44:10 DEBUG FileDAOImpl - longitude = -0.182953
05-11-2020 19:44:10 DEBUG FileDAOImpl - latitude = 51.523104
05-11-2020 19:44:10 DEBUG FileDAOImpl - longitude = -0.113259
05-11-2020 19:44:10 DEBUG FileDAOImpl - latitude = 51.503147
05-11-2020 19:44:10 DEBUG FileDAOImpl - longitude = -0.109154
05-11-2020 19:44:10 DEBUG FileDAOImpl - latitude = 51.504169
05-11-2020 19:44:10 DEBUG FileDAOImpl - longitude = -0.41727
05-11-2020 19:44:10 DEBUG FileDAOImpl - latitude = 51.657605
05-11-2020 19:44:10 DEBUG FileDAOImpl - longitude = -0.391697
05-11-2020 19:44:10 DEBUG FileDAOImpl - latitude = 51.652654
05-11-2020 19:44:10 DEBUG FileDAOImpl - longitude = -0.396172
05-11-2020 19:44:10 DEBUG FileDAOImpl - latitude = 51.663883
05-11-2020 19:44:10 DEBUG FileDAOImpl - longitude = -0.097525
05-11-2020 19:44:10 DEBUG FileDAOImpl - latitude = 51.375368
05-11-2020 19:44:10 DEBUG FileDAOImpl - longitude = 0.101775
05-11-2020 19:44:10 DEBUG FileDAOImpl - latitude = 51.464777
05-11-2020 19:44:10 DEBUG FileDAOImpl - longitude = -0.296392
05-11-2020 19:44:10 DEBUG FileDAOImpl - latitude = 51.551865
05-11-2020 19:44:10 DEBUG FileDAOImpl - longitude = -0.279243
05-11-2020 19:44:10 DEBUG FileDAOImpl - latitude = 51.563322
05-11-2020 19:44:10 DEBUG FileDAOImpl - longitude = -0.286046
05-11-2020 19:44:10 DEBUG FileDAOImpl - latitude = 51.554655
05-11-2020 19:44:10 DEBUG FileDAOImpl - longitude = -0.280657
05-11-2020 19:44:10 DEBUG FileDAOImpl - latitude = 51.51777
05-11-2020 19:44:10 DEBUG FileDAOImpl - longitude = -0.195539
05-11-2020 19:44:10 DEBUG FileDAOImpl - latitude = 51.487329
05-11-2020 19:44:10 DEBUG FileDAOImpl - longitude = -0.102034
05-11-2020 19:44:10 DEBUG FileDAOImpl - latitude = 51.378552
05-11-2020 19:44:10 DEBUG FileDAOImpl - longitude = -0.472176
05-11-2020 19:44:10 DEBUG FileDAOImpl - latitude = 51.510071
05-11-2020 19:44:10 DEBUG FileDAOImpl - longitude = -0.090673
05-11-2020 19:44:10 DEBUG FileDAOImpl - latitude = 51.440912
05-11-2020 19:44:10 DEBUG FileDAOImpl - longitude = -0.319783
05-11-2020 19:44:10 DEBUG FileDAOImpl - latitude = 51.513625
05-11-2020 19:44:10 DEBUG FileDAOImpl - longitude = -0.188917
05-11-2020 19:44:10 DEBUG FileDAOImpl - latitude = 51.609263
05-11-2020 19:44:10 DEBUG FileDAOImpl - longitude = 0.005317
05-11-2020 19:44:10 DEBUG FileDAOImpl - latitude = 51.528526
05-11-2020 19:44:10 DEBUG FileDAOImpl - longitude = -0.191127
05-11-2020 19:44:10 DEBUG FileDAOImpl - latitude = 51.547474
05-11-2020 19:44:10 DEBUG FileDAOImpl - longitude = -0.192538
05-11-2020 19:44:10 DEBUG FileDAOImpl - latitude = 51.548629
05-11-2020 19:44:10 DEBUG FileDAOImpl - longitude = -0.353847
05-11-2020 19:44:10 DEBUG FileDAOImpl - latitude = 51.578924
05-11-2020 19:44:10 DEBUG FileDAOImpl - longitude = -0.020582
05-11-2020 19:44:10 DEBUG FileDAOImpl - latitude = 51.506763
05-11-2020 19:44:10 DEBUG FileDAOImpl - longitude = -0.206204
05-11-2020 19:44:10 DEBUG FileDAOImpl - latitude = 51.490109
05-11-2020 19:44:10 DEBUG FileDAOImpl - longitude = -0.103189
05-11-2020 19:44:10 DEBUG FileDAOImpl - latitude = 51.431241
05-11-2020 19:44:10 DEBUG FileDAOImpl - longitude = -0.43786
05-11-2020 19:44:10 DEBUG FileDAOImpl - latitude = 51.569588
05-11-2020 19:44:10 DEBUG FileDAOImpl - longitude = 0.022246
05-11-2020 19:44:10 DEBUG FileDAOImpl - latitude = 51.502884
05-11-2020 19:44:10 DEBUG FileDAOImpl - longitude = -0.204645
05-11-2020 19:44:10 DEBUG FileDAOImpl - latitude = 51.36615
05-11-2020 19:44:10 DEBUG FileDAOImpl - longitude = -0.014576
05-11-2020 19:44:10 DEBUG FileDAOImpl - latitude = 51.381284
05-11-2020 19:44:10 DEBUG FileDAOImpl - longitude = -0.200883
05-11-2020 19:44:10 DEBUG FileDAOImpl - latitude = 51.520989
05-11-2020 19:44:10 DEBUG FileDAOImpl - longitude = 0.017746
05-11-2020 19:44:10 DEBUG FileDAOImpl - latitude = 51.484509
05-11-2020 19:44:10 DEBUG FileDAOImpl - longitude = -0.026323
05-11-2020 19:44:10 DEBUG FileDAOImpl - latitude = 51.509638
05-11-2020 19:44:10 DEBUG FileDAOImpl - longitude = -0.125002
05-11-2020 19:44:10 DEBUG FileDAOImpl - latitude = 51.501402
05-11-2020 19:44:10 DEBUG FileDAOImpl - longitude = -0.224632
05-11-2020 19:44:10 DEBUG FileDAOImpl - latitude = 51.512232
05-11-2020 19:44:10 DEBUG FileDAOImpl - longitude = -0.07087
05-11-2020 19:44:10 DEBUG FileDAOImpl - latitude = 51.605035
05-11-2020 19:44:10 DEBUG FileDAOImpl - longitude = -0.05942
05-11-2020 19:44:10 DEBUG FileDAOImpl - latitude = 51.519588
05-11-2020 19:44:10 DEBUG FileDAOImpl - longitude = -0.357682
05-11-2020 19:44:10 DEBUG FileDAOImpl - latitude = 51.449588
05-11-2020 19:44:10 DEBUG FileDAOImpl - longitude = -0.081135
05-11-2020 19:44:10 DEBUG FileDAOImpl - latitude = 51.309929
05-11-2020 19:44:10 DEBUG FileDAOImpl - longitude = -0.076713
05-11-2020 19:44:10 DEBUG FileDAOImpl - latitude = 51.30349
05-11-2020 19:44:10 DEBUG FileDAOImpl - longitude = -0.222408
05-11-2020 19:44:10 DEBUG FileDAOImpl - latitude = 51.549373
05-11-2020 19:44:10 DEBUG FileDAOImpl - longitude = -0.243909
05-11-2020 19:44:10 DEBUG FileDAOImpl - latitude = 51.532234
05-11-2020 19:44:10 DEBUG FileDAOImpl - longitude = -0.206663
05-11-2020 19:44:10 DEBUG FileDAOImpl - latitude = 51.421108
05-11-2020 19:44:10 DEBUG FileDAOImpl - longitude = -0.21409
05-11-2020 19:44:10 DEBUG FileDAOImpl - latitude = 51.409531
05-11-2020 19:44:10 DEBUG FileDAOImpl - longitude = -0.199186
05-11-2020 19:44:10 DEBUG FileDAOImpl - latitude = 51.434581
05-11-2020 19:44:10 DEBUG FileDAOImpl - longitude = -0.100917
05-11-2020 19:44:10 DEBUG FileDAOImpl - latitude = 51.633887
05-11-2020 19:44:10 DEBUG FileDAOImpl - longitude = -0.109527
05-11-2020 19:44:10 DEBUG FileDAOImpl - latitude = 51.597454
05-11-2020 19:44:10 DEBUG FileDAOImpl - longitude = -0.224473
05-11-2020 19:44:10 DEBUG FileDAOImpl - latitude = 51.509658
05-11-2020 19:44:10 DEBUG FileDAOImpl - longitude = -0.001954
05-11-2020 19:44:10 DEBUG FileDAOImpl - latitude = 51.58667
05-11-2020 19:44:10 DEBUG FileDAOImpl - longitude = 0.034056
05-11-2020 19:44:10 DEBUG FileDAOImpl - latitude = 51.607202
05-11-2020 19:44:10 DEBUG FileDAOImpl - longitude = 0.044572
05-11-2020 19:44:10 DEBUG FileDAOImpl - latitude = 51.549053
05-11-2020 19:44:10 DEBUG FileDAOImpl - longitude = -0.154262
05-11-2020 19:44:10 DEBUG FileDAOImpl - latitude = 51.319019
05-11-2020 19:44:10 DEBUG FileDAOImpl - longitude = -0.065347
05-11-2020 19:44:10 DEBUG FileDAOImpl - latitude = 51.387098
05-11-2020 19:44:10 DEBUG FileDAOImpl - longitude = -0.185426
05-11-2020 19:44:10 DEBUG FileDAOImpl - latitude = 51.617868
05-11-2020 19:44:10 DEBUG FileDAOImpl - longitude = 0.069194
05-11-2020 19:44:10 DEBUG FileDAOImpl - latitude = 51.489907
05-11-2020 19:44:10 DEBUG FileDAOImpl - longitude = 0.054612
05-11-2020 19:44:10 DEBUG FileDAOImpl - latitude = 51.491108
05-11-2020 19:44:10 DEBUG FileDAOImpl - longitude = -0.245575
05-11-2020 19:44:10 DEBUG FileDAOImpl - latitude = 51.381104
